Log file open, 04/14/19 15:25:10
LogWindows: Failed to load 'aqProf.dll' (GetLastError=126)
LogWindows: File 'aqProf.dll' does not exist
LogWindows: Failed to load 'VtuneApi.dll' (GetLastError=126)
LogWindows: File 'VtuneApi.dll' does not exist
LogWindows: Failed to load 'VtuneApi32e.dll' (GetLastError=126)
LogWindows: File 'VtuneApi32e.dll' does not exist
LogInit: Display: Running engine for game: SlateUI
LogPlatformFile: Not using cached read wrapper
LogInit: Display: RandInit(-1367437199) SRandInit(-1367437199).
LogInit: Read version file with build ID '3944462'
LogInit: Overriding engine version to CL 4033788, compatible CL 3944462
LogInit: Registered custom module enumerator with build ID '3944462'
LogTaskGraph: Started task graph with 5 named threads and 11 total threads with 3 sets of task threads.
LogStats: Stats thread started at 0.323888
LogD3D11RHI: Aftermath initialized
LogICUInternationalization: Display: ICU TimeZone Detection - Raw Offset: +1:00, Platform Override: ''
LogPluginManager: Mounting plugin Paper2D
LogPluginManager: Mounting plugin LiveLink
LogPluginManager: Mounting plugin LightPropagationVolume
LogPluginManager: Mounting plugin CLionSourceCodeAccess
LogPluginManager: Mounting plugin CodeLiteSourceCodeAccess
LogPluginManager: Mounting plugin GitSourceControl
LogPluginManager: Mounting plugin KDevelopSourceCodeAccess
LogPluginManager: Mounting plugin NullSourceCodeAccess
LogPluginManager: Mounting plugin PerforceSourceControl
LogPluginManager: Mounting plugin SubversionSourceControl
LogPluginManager: Mounting plugin UObjectPlugin
LogPluginManager: Mounting plugin VisualStudioCodeSourceCodeAccess
LogPluginManager: Mounting plugin VisualStudioSourceCodeAccess
LogPluginManager: Mounting plugin XCodeSourceCodeAccess
LogPluginManager: Mounting plugin AssetManagerEditor
LogPluginManager: Mounting plugin CryptoKeys
LogPluginManager: Mounting plugin DataValidation
LogPluginManager: Mounting plugin FacialAnimation
LogPluginManager: Mounting plugin GameplayTagsEditor
LogPluginManager: Mounting plugin MobileLauncherProfileWizard
LogPluginManager: Mounting plugin PluginBrowser
LogPluginManager: Mounting plugin SpeedTreeImporter
LogPluginManager: Mounting plugin DatasmithContent
LogPluginManager: Mounting plugin AlembicImporter
LogPluginManager: Mounting plugin CharacterAI
LogPluginManager: Mounting plugin HTML5Networking
LogPluginManager: Mounting plugin AndroidMedia
LogPluginManager: Mounting plugin AvfMedia
LogPluginManager: Mounting plugin ImgMedia
LogPluginManager: Mounting plugin LinearTimecode
LogPluginManager: Mounting plugin MediaCompositing
LogPluginManager: Mounting plugin MediaPlayerEditor
LogPluginManager: Mounting plugin WmfMedia
LogPluginManager: Mounting plugin TcpMessaging
LogPluginManager: Mounting plugin UdpMessaging
LogPluginManager: Mounting plugin ActorSequence
LogPluginManager: Mounting plugin LevelSequenceEditor
LogPluginManager: Mounting plugin MatineeToLevelSequence
LogPluginManager: Mounting plugin NetcodeUnitTest
LogPluginManager: Mounting plugin NUTUnrealEngine4
LogPluginManager: Mounting plugin OnlineSubsystemGooglePlay
LogPluginManager: Mounting plugin OnlineSubsystemIOS
LogPluginManager: Mounting plugin OnlineSubsystem
LogPluginManager: Mounting plugin OnlineSubsystemNull
LogPluginManager: Mounting plugin OnlineSubsystemUtils
LogPluginManager: Mounting plugin AndroidDeviceProfileSelector
LogPluginManager: Mounting plugin AndroidMoviePlayer
LogPluginManager: Mounting plugin AndroidPermission
LogPluginManager: Mounting plugin AppleARKit
LogPluginManager: Mounting plugin AppleMoviePlayer
LogPluginManager: Mounting plugin ArchVisCharacter
LogPluginManager: Mounting plugin AudioCapture
LogPluginManager: Mounting plugin CableComponent
LogPluginManager: Mounting plugin CustomMeshComponent
LogPluginManager: Mounting plugin ExampleDeviceProfileSelector
LogPluginManager: Mounting plugin GoogleCloudMessaging
LogPluginManager: Mounting plugin ImmediatePhysics
LogPluginManager: Mounting plugin IOSDeviceProfileSelector
LogPluginManager: Mounting plugin LinuxDeviceProfileSelector
LogPluginManager: Mounting plugin LocationServicesBPLibrary
LogPluginManager: Mounting plugin MobilePatchingUtils
LogPluginManager: Mounting plugin OculusVR
LogPluginManager: Plugin shader directory ../../../Engine/Plugins/Runtime/Oculus/OculusVR/Shaders found
LogPluginManager: Mapping shader source directory ../../../Engine/Plugins/Runtime/Oculus/OculusVR/Shaders to virtual directory /Plugin/OculusVR
LogPluginManager: Mounting plugin PhysXVehicles
LogPluginManager: Mounting plugin ProceduralMeshComponent
LogPluginManager: Mounting plugin RuntimePhysXCooking
LogPluginManager: Mounting plugin SteamVR
LogPluginManager: Mounting plugin WindowsMoviePlayer
LogStreaming: Display: Took  0.209s to configure plugins.
LogModuleManager: Display: Found up-to-date module file ../../../../../../Users/Xiaojun/Documents/Unreal Projects/SlateUI/Binaries/Win64/UE4Editor-SlateUI.dll (API version 3944462).
LogModuleManager: Display: Found up-to-date module file ../../../Engine/Plugins/2D/Paper2D/Binaries/Win64/UE4Editor-Paper2D.dll (API version 3944462).
LogModuleManager: Display: Found up-to-date module file ../../../Engine/Plugins/2D/Paper2D/Binaries/Win64/UE4Editor-Paper2DEditor.dll (API version 3944462).
LogModuleManager: Display: Found up-to-date module file ../../../Engine/Plugins/2D/Paper2D/Binaries/Win64/UE4Editor-PaperSpriteSheetImporter.dll (API version 3944462).
LogModuleManager: Display: Found up-to-date module file ../../../Engine/Plugins/2D/Paper2D/Binaries/Win64/UE4Editor-PaperTiledImporter.dll (API version 3944462).
LogModuleManager: Display: Found up-to-date module file ../../../Engine/Plugins/2D/Paper2D/Binaries/Win64/UE4Editor-SmartSnapping.dll (API version 3944462).
LogModuleManager: Display: Found up-to-date module file ../../../Engine/Plugins/Animation/LiveLink/Binaries/Win64/UE4Editor-LiveLink.dll (API version 3944462).
LogModuleManager: Display: Found up-to-date module file ../../../Engine/Plugins/Animation/LiveLink/Binaries/Win64/UE4Editor-LiveLinkEditor.dll (API version 3944462).
LogModuleManager: Display: Found up-to-date module file ../../../Engine/Plugins/Blendables/LightPropagationVolume/Binaries/Win64/UE4Editor-LightPropagationVolumeRuntime.dll (API version 3944462).
LogModuleManager: Display: Found up-to-date module file ../../../Engine/Plugins/Blendables/LightPropagationVolume/Binaries/Win64/UE4Editor-LightPropagationVolumeEditor.dll (API version 3944462).
LogModuleManager: Display: Found up-to-date module file ../../../Engine/Plugins/Developer/CLionSourceCodeAccess/Binaries/Win64/UE4Editor-CLionSourceCodeAccess.dll (API version 3944462).
LogModuleManager: Display: Found up-to-date module file ../../../Engine/Plugins/Developer/GitSourceControl/Binaries/Win64/UE4Editor-GitSourceControl.dll (API version 3944462).
LogModuleManager: Display: Found up-to-date module file ../../../Engine/Plugins/Developer/PerforceSourceControl/Binaries/Win64/UE4Editor-PerforceSourceControl.dll (API version 3944462).
LogModuleManager: Display: Found up-to-date module file ../../../Engine/Plugins/Developer/SubversionSourceControl/Binaries/Win64/UE4Editor-SubversionSourceControl.dll (API version 3944462).
LogModuleManager: Display: Found up-to-date module file ../../../Engine/Plugins/Developer/UObjectPlugin/Binaries/Win64/UE4Editor-UObjectPlugin.dll (API version 3944462).
LogModuleManager: Display: Found up-to-date module file ../../../Engine/Plugins/Developer/VisualStudioCodeSourceCodeAccess/Binaries/Win64/UE4Editor-VisualStudioCodeSourceCodeAccess.dll (API version 3944462).
LogModuleManager: Display: Found up-to-date module file ../../../Engine/Plugins/Developer/VisualStudioSourceCodeAccess/Binaries/Win64/UE4Editor-VisualStudioSourceCodeAccess.dll (API version 3944462).
LogModuleManager: Display: Found up-to-date module file ../../../Engine/Plugins/Editor/AssetManagerEditor/Binaries/Win64/UE4Editor-AssetManagerEditor.dll (API version 3944462).
LogModuleManager: Display: Found up-to-date module file ../../../Engine/Plugins/Editor/CryptoKeys/Binaries/Win64/UE4Editor-CryptoKeys.dll (API version 3944462).
LogModuleManager: Display: Found up-to-date module file ../../../Engine/Plugins/Editor/CryptoKeys/Binaries/Win64/UE4Editor-CryptoKeysOpenSSL.dll (API version 3944462).
LogModuleManager: Display: Found up-to-date module file ../../../Engine/Plugins/Editor/DataValidation/Binaries/Win64/UE4Editor-DataValidation.dll (API version 3944462).
LogModuleManager: Display: Found up-to-date module file ../../../Engine/Plugins/Editor/FacialAnimation/Binaries/Win64/UE4Editor-FacialAnimation.dll (API version 3944462).
LogModuleManager: Display: Found up-to-date module file ../../../Engine/Plugins/Editor/FacialAnimation/Binaries/Win64/UE4Editor-FacialAnimationEditor.dll (API version 3944462).
LogModuleManager: Display: Found up-to-date module file ../../../Engine/Plugins/Editor/GameplayTagsEditor/Binaries/Win64/UE4Editor-GameplayTagsEditor.dll (API version 3944462).
LogModuleManager: Display: Found up-to-date module file ../../../Engine/Plugins/Editor/MobileLauncherProfileWizard/Binaries/Win64/UE4Editor-MobileLauncherProfileWizard.dll (API version 3944462).
LogModuleManager: Display: Found up-to-date module file ../../../Engine/Plugins/Editor/PluginBrowser/Binaries/Win64/UE4Editor-PluginBrowser.dll (API version 3944462).
LogModuleManager: Display: Found up-to-date module file ../../../Engine/Plugins/Editor/SpeedTreeImporter/Binaries/Win64/UE4Editor-SpeedTreeImporter.dll (API version 3944462).
LogModuleManager: Display: Found up-to-date module file ../../../Engine/Plugins/Enterprise/DatasmithContent/Binaries/Win64/UE4Editor-DatasmithContent.dll (API version 3944462).
LogModuleManager: Display: Found up-to-date module file ../../../Engine/Plugins/Experimental/AlembicImporter/Binaries/Win64/UE4Editor-AlembicImporter.dll (API version 3944462).
LogModuleManager: Display: Found up-to-date module file ../../../Engine/Plugins/Experimental/AlembicImporter/Binaries/Win64/UE4Editor-AlembicLibrary.dll (API version 3944462).
LogModuleManager: Display: Found up-to-date module file ../../../Engine/Plugins/Experimental/CharacterAI/Binaries/Win64/UE4Editor-CharacterAI.dll (API version 3944462).
LogModuleManager: Display: Found up-to-date module file ../../../Engine/Plugins/Experimental/HTML5Networking/Binaries/Win64/UE4Editor-HTML5Networking.dll (API version 3944462).
LogModuleManager: Display: Found up-to-date module file ../../../Engine/Plugins/Media/AndroidMedia/Binaries/Win64/UE4Editor-AndroidMediaEditor.dll (API version 3944462).
LogModuleManager: Display: Found up-to-date module file ../../../Engine/Plugins/Media/AndroidMedia/Binaries/Win64/UE4Editor-AndroidMediaFactory.dll (API version 3944462).
LogModuleManager: Display: Found up-to-date module file ../../../Engine/Plugins/Media/AvfMedia/Binaries/Win64/UE4Editor-AvfMediaEditor.dll (API version 3944462).
LogModuleManager: Display: Found up-to-date module file ../../../Engine/Plugins/Media/AvfMedia/Binaries/Win64/UE4Editor-AvfMediaFactory.dll (API version 3944462).
LogModuleManager: Display: Found up-to-date module file ../../../Engine/Plugins/Media/AvfMedia/Binaries/Win64/UE4Editor-AvfMediaFactory.dll (API version 3944462).
LogModuleManager: Display: Found up-to-date module file ../../../Engine/Plugins/Media/ImgMedia/Binaries/Win64/UE4Editor-ImgMedia.dll (API version 3944462).
LogModuleManager: Display: Found up-to-date module file ../../../Engine/Plugins/Media/ImgMedia/Binaries/Win64/UE4Editor-ImgMediaEditor.dll (API version 3944462).
LogModuleManager: Display: Found up-to-date module file ../../../Engine/Plugins/Media/ImgMedia/Binaries/Win64/UE4Editor-ImgMediaFactory.dll (API version 3944462).
LogModuleManager: Display: Found up-to-date module file ../../../Engine/Plugins/Media/ImgMedia/Binaries/Win64/UE4Editor-ImgMediaFactory.dll (API version 3944462).
LogModuleManager: Display: Found up-to-date module file ../../../Engine/Plugins/Media/ImgMedia/Binaries/Win64/UE4Editor-OpenExrWrapper.dll (API version 3944462).
LogModuleManager: Display: Found up-to-date module file ../../../Engine/Plugins/Media/LinearTimecode/Binaries/Win64/UE4Editor-LinearTimecode.dll (API version 3944462).
LogModuleManager: Display: Found up-to-date module file ../../../Engine/Plugins/Media/MediaCompositing/Binaries/Win64/UE4Editor-MediaCompositing.dll (API version 3944462).
LogModuleManager: Display: Found up-to-date module file ../../../Engine/Plugins/Media/MediaCompositing/Binaries/Win64/UE4Editor-MediaCompositingEditor.dll (API version 3944462).
LogModuleManager: Display: Found up-to-date module file ../../../Engine/Plugins/Media/MediaPlayerEditor/Binaries/Win64/UE4Editor-MediaPlayerEditor.dll (API version 3944462).
LogModuleManager: Display: Found up-to-date module file ../../../Engine/Plugins/Media/WmfMedia/Binaries/Win64/UE4Editor-WmfMedia.dll (API version 3944462).
LogModuleManager: Display: Found up-to-date module file ../../../Engine/Plugins/Media/WmfMedia/Binaries/Win64/UE4Editor-WmfMediaEditor.dll (API version 3944462).
LogModuleManager: Display: Found up-to-date module file ../../../Engine/Plugins/Media/WmfMedia/Binaries/Win64/UE4Editor-WmfMediaFactory.dll (API version 3944462).
LogModuleManager: Display: Found up-to-date module file ../../../Engine/Plugins/Media/WmfMedia/Binaries/Win64/UE4Editor-WmfMediaFactory.dll (API version 3944462).
LogModuleManager: Display: Found up-to-date module file ../../../Engine/Plugins/Messaging/TcpMessaging/Binaries/Win64/UE4Editor-TcpMessaging.dll (API version 3944462).
LogModuleManager: Display: Found up-to-date module file ../../../Engine/Plugins/Messaging/UdpMessaging/Binaries/Win64/UE4Editor-UdpMessaging.dll (API version 3944462).
LogModuleManager: Display: Found up-to-date module file ../../../Engine/Plugins/MovieScene/ActorSequence/Binaries/Win64/UE4Editor-ActorSequence.dll (API version 3944462).
LogModuleManager: Display: Found up-to-date module file ../../../Engine/Plugins/MovieScene/LevelSequenceEditor/Binaries/Win64/UE4Editor-LevelSequenceEditor.dll (API version 3944462).
LogModuleManager: Display: Found up-to-date module file ../../../Engine/Plugins/MovieScene/MatineeToLevelSequence/Binaries/Win64/UE4Editor-MatineeToLevelSequence.dll (API version 3944462).
LogModuleManager: Display: Found up-to-date module file ../../../Engine/Plugins/NetcodeUnitTest/NetcodeUnitTest/Binaries/Win64/UE4Editor-NetcodeUnitTest.dll (API version 3944462).
LogModuleManager: Display: Found up-to-date module file ../../../Engine/Plugins/NetcodeUnitTest/NUTUnrealEngine4/Binaries/Win64/UE4Editor-NUTUnrealEngine4.dll (API version 3944462).
LogModuleManager: Display: Found up-to-date module file ../../../Engine/Plugins/Online/OnlineSubsystem/Binaries/Win64/UE4Editor-OnlineSubsystem.dll (API version 3944462).
LogModuleManager: Display: Found up-to-date module file ../../../Engine/Plugins/Online/OnlineSubsystemNull/Binaries/Win64/UE4Editor-OnlineSubsystemNull.dll (API version 3944462).
LogModuleManager: Display: Found up-to-date module file ../../../Engine/Plugins/Online/OnlineSubsystemUtils/Binaries/Win64/UE4Editor-OnlineSubsystemUtils.dll (API version 3944462).
LogModuleManager: Display: Found up-to-date module file ../../../Engine/Plugins/Online/OnlineSubsystemUtils/Binaries/Win64/UE4Editor-OnlineBlueprintSupport.dll (API version 3944462).
LogModuleManager: Display: Found up-to-date module file ../../../Engine/Plugins/Runtime/AndroidDeviceProfileSelector/Binaries/Win64/UE4Editor-AndroidDeviceProfileSelector.dll (API version 3944462).
LogModuleManager: Display: Found up-to-date module file ../../../Engine/Plugins/Runtime/AndroidPermission/Binaries/Win64/UE4Editor-AndroidPermission.dll (API version 3944462).
LogModuleManager: Display: Found up-to-date module file ../../../Engine/Plugins/Runtime/AppleARKit/Binaries/Win64/UE4Editor-AppleARKit.dll (API version 3944462).
LogModuleManager: Display: Found up-to-date module file ../../../Engine/Plugins/Runtime/ArchVisCharacter/Binaries/Win64/UE4Editor-ArchVisCharacter.dll (API version 3944462).
LogModuleManager: Display: Found up-to-date module file ../../../Engine/Plugins/Runtime/AudioCapture/Binaries/Win64/UE4Editor-AudioCapture.dll (API version 3944462).
LogModuleManager: Display: Found up-to-date module file ../../../Engine/Plugins/Runtime/AudioCapture/Binaries/Win64/UE4Editor-AudioCaptureEditor.dll (API version 3944462).
LogModuleManager: Display: Found up-to-date module file ../../../Engine/Plugins/Runtime/CableComponent/Binaries/Win64/UE4Editor-CableComponent.dll (API version 3944462).
LogModuleManager: Display: Found up-to-date module file ../../../Engine/Plugins/Runtime/CustomMeshComponent/Binaries/Win64/UE4Editor-CustomMeshComponent.dll (API version 3944462).
LogModuleManager: Display: Found up-to-date module file ../../../Engine/Plugins/Runtime/ExampleDeviceProfileSelector/Binaries/Win64/UE4Editor-ExampleDeviceProfileSelector.dll (API version 3944462).
LogModuleManager: Display: Found up-to-date module file ../../../Engine/Plugins/Runtime/ImmediatePhysics/Binaries/Win64/UE4Editor-ImmediatePhysics.dll (API version 3944462).
LogModuleManager: Display: Found up-to-date module file ../../../Engine/Plugins/Runtime/ImmediatePhysics/Binaries/Win64/UE4Editor-ImmediatePhysicsEditor.dll (API version 3944462).
LogModuleManager: Display: Found up-to-date module file ../../../Engine/Plugins/Runtime/LocationServicesBPLibrary/Binaries/Win64/UE4Editor-LocationServicesBPLibrary.dll (API version 3944462).
LogModuleManager: Display: Found up-to-date module file ../../../Engine/Plugins/Runtime/MobilePatchingUtils/Binaries/Win64/UE4Editor-MobilePatchingUtils.dll (API version 3944462).
LogModuleManager: Display: Found up-to-date module file ../../../Engine/Plugins/Runtime/Oculus/OculusVR/Binaries/Win64/UE4Editor-OculusHMD.dll (API version 3944462).
LogModuleManager: Display: Found up-to-date module file ../../../Engine/Plugins/Runtime/Oculus/OculusVR/Binaries/Win64/UE4Editor-OculusInput.dll (API version 3944462).
LogModuleManager: Display: Found up-to-date module file ../../../Engine/Plugins/Runtime/Oculus/OculusVR/Binaries/Win64/UE4Editor-OculusEditor.dll (API version 3944462).
LogModuleManager: Display: Found up-to-date module file ../../../Engine/Plugins/Runtime/PhysXVehicles/Binaries/Win64/UE4Editor-PhysXVehicles.dll (API version 3944462).
LogModuleManager: Display: Found up-to-date module file ../../../Engine/Plugins/Runtime/PhysXVehicles/Binaries/Win64/UE4Editor-PhysXVehiclesEditor.dll (API version 3944462).
LogModuleManager: Display: Found up-to-date module file ../../../Engine/Plugins/Runtime/ProceduralMeshComponent/Binaries/Win64/UE4Editor-ProceduralMeshComponent.dll (API version 3944462).
LogModuleManager: Display: Found up-to-date module file ../../../Engine/Plugins/Runtime/ProceduralMeshComponent/Binaries/Win64/UE4Editor-ProceduralMeshComponentEditor.dll (API version 3944462).
LogModuleManager: Display: Found up-to-date module file ../../../Engine/Plugins/Runtime/RuntimePhysXCooking/Binaries/Win64/UE4Editor-RuntimePhysXCooking.dll (API version 3944462).
LogModuleManager: Display: Found up-to-date module file ../../../Engine/Plugins/Runtime/Steam/SteamVR/Binaries/Win64/UE4Editor-SteamVR.dll (API version 3944462).
LogModuleManager: Display: Found up-to-date module file ../../../Engine/Plugins/Runtime/Steam/SteamVR/Binaries/Win64/UE4Editor-SteamVRController.dll (API version 3944462).
LogModuleManager: Display: Found up-to-date module file ../../../Engine/Plugins/Runtime/WindowsMoviePlayer/Binaries/Win64/UE4Editor-WindowsMoviePlayer.dll (API version 3944462).
LogInit: Using libcurl 7.47.1
LogInit:  - built for x86_64-pc-win32
LogInit:  - supports SSL with OpenSSL/1.0.2g
LogInit:  - supports HTTP deflate (compression) using libz 1.2.8
LogInit:  - other features:
LogInit:      CURL_VERSION_SSL
LogInit:      CURL_VERSION_LIBZ
LogInit:      CURL_VERSION_IPV6
LogInit:      CURL_VERSION_ASYNCHDNS
LogInit:      CURL_VERSION_LARGEFILE
LogInit:      CURL_VERSION_IDN
LogInit:  CurlRequestOptions (configurable via config and command line):
LogInit:  - bVerifyPeer = false  - Libcurl will NOT verify peer certificate
LogInit:  - bUseHttpProxy = false  - Libcurl will NOT use HTTP proxy
LogInit:  - bDontReuseConnections = false  - Libcurl will reuse connections
LogInit:  - CertBundlePath = nullptr  - Libcurl will use whatever was configured at build time.
LogInit:  - MaxHostConnections = 16  - Libcurl will limit the number of connections to a host
LogInit:  - LocalHostAddr = Default
LogInit: WinSock: version 1.1 (2.2), MaxSocks=32767, MaxUdp=65467
LogInit: WinSock: I am DESKTOP-UKLRMS9 (192.168.56.1:0)
LogInit: Build: ++UE4+Release-4.19-CL-4033788
LogInit: Engine Version: 4.19.2-4033788+++UE4+Release-4.19
LogInit: Compatible Engine Version: 4.19.0-3944462+++UE4+Release-4.19
LogInit: Net CL: 3944462
LogDevObjectVersion: Number of dev versions registered: 18
LogDevObjectVersion:   Dev-Blueprints (B0D832E4-1F89-4F0D-ACCF-7EB736FD4AA2): 10
LogDevObjectVersion:   Dev-Build (E1C64328-A22C-4D53-A36C-8E866417BD8C): 0
LogDevObjectVersion:   Dev-Core (375EC13C-06E4-48FB-B500-84F0262A717E): 2
LogDevObjectVersion:   Dev-Editor (E4B068ED-F494-42E9-A231-DA0B2E46BB41): 23
LogDevObjectVersion:   Dev-Framework (CFFC743F-43B0-4480-9391-14DF171D2073): 33
LogDevObjectVersion:   Dev-Mobile (B02B49B5-BB20-44E9-A304-32B752E40360): 2
LogDevObjectVersion:   Dev-Networking (A4E4105C-59A1-49B5-A7C5-40C4547EDFEE): 0
LogDevObjectVersion:   Dev-Online (39C831C9-5AE6-47DC-9A44-9C173E1C8E7C): 0
LogDevObjectVersion:   Dev-Physics (78F01B33-EBEA-4F98-B9B4-84EACCB95AA2): 0
LogDevObjectVersion:   Dev-Platform (6631380F-2D4D-43E0-8009-CF276956A95A): 0
LogDevObjectVersion:   Dev-Rendering (12F88B9F-8875-4AFC-A67C-D90C383ABD29): 25
LogDevObjectVersion:   Dev-Sequencer (7B5AE74C-D270-4C10-A958-57980B212A5A): 6
LogDevObjectVersion:   Dev-VR (D7296918-1DD6-4BDD-9DE2-64A83CC13884): 1
LogDevObjectVersion:   Dev-LoadTimes (C2A15278-BFE7-4AFE-6C17-90FF531DF755): 1
LogDevObjectVersion:   Private-Geometry (6EACA3D4-40EC-4CC1-B786-8BED09428FC5): 2
LogDevObjectVersion:   Dev-AnimPhys (29E575DD-E0A3-4627-9D10-D276232CDCEA): 16
LogDevObjectVersion:   Dev-ReflectionCapture (6B266CEC-1EC7-4B8F-A30B-E4D90942FC07): 1
LogDevObjectVersion:   Dev-Automation (0DF73D61-A23F-47EA-B727-89E90C41499A): 1
LogInit: Compiled (64-bit): Apr 27 2018 02:06:57
LogInit: Compiled with Visual C++: 19.00.24215.01
LogInit: Build Configuration: Development
LogInit: Branch Name: ++UE4+Release-4.19
LogInit: Command Line:  -skipcompile
LogInit: Base Directory: C:/Program Files/Epic Games/UE_4.19/Engine/Binaries/Win64/
LogInit: Installed Engine Build: 1
LogStreaming: Display: Took  0.006s to delete old logs.
LogInit: Presizing for max 8388607 objects, including 0 objects not considered by GC, pre-allocating 0 bytes for permanent pool.
LogInit: Object subsystem initialized
[2019.04.14-13.25.14:443][  0]LogInit: Selected Device Profile: [Windows]
[2019.04.14-13.25.14:443][  0]LogInit: Applying CVar settings loaded from the selected device profile: [Windows]
[2019.04.14-13.25.14:463][  0]LogInit: Computer: DESKTOP-UKLRMS9
[2019.04.14-13.25.14:463][  0]LogInit: User: Xiaojun
[2019.04.14-13.25.14:463][  0]LogInit: CPU Page size=4096, Cores=2
[2019.04.14-13.25.14:464][  0]LogInit: High frequency timer resolution =10.000000 MHz
[2019.04.14-13.25.14:465][  0]LogMemory: Memory total: Physical=7.9GB (8GB approx)
[2019.04.14-13.25.14:465][  0]LogMemory: Platform Memory Stats for Windows
[2019.04.14-13.25.14:465][  0]LogMemory: Process Physical Memory: 273.97 MB used, 273.97 MB peak
[2019.04.14-13.25.14:465][  0]LogMemory: Process Virtual Memory: 265.91 MB used, 265.91 MB peak
[2019.04.14-13.25.14:465][  0]LogMemory: Physical Memory: 5439.11 MB used,  2655.29 MB free, 8094.41 MB total
[2019.04.14-13.25.14:465][  0]LogMemory: Virtual Memory: 4780.67 MB used,  2655.29 MB free, 134217728.00 MB total
[2019.04.14-13.25.14:525][  0]LogInit: Using OS detected language (en-US).
[2019.04.14-13.25.14:525][  0]LogInit: Using OS detected locale (en-US).
[2019.04.14-13.25.14:530][  0]LogTextLocalizationManager: No specific localization for 'en-US' exists, so the 'en' localization will be used.
[2019.04.14-13.25.15:115][  0]LogStreaming: Display: Took  0.590s to EndInitTextLocalization.
[2019.04.14-13.25.15:115][  0]LogInit: Setting process to per monitor DPI aware
[2019.04.14-13.25.15:231][  0]LogSlate: New Slate User Created.  User Index 0, Is Virtual User: 0
[2019.04.14-13.25.15:231][  0]LogSlate: Slate User Registered.  User Index 0, Is Virtual User: 0
[2019.04.14-13.25.15:633][  0]LogD3D11RHI: D3D11 adapters:
[2019.04.14-13.25.15:656][  0]LogD3D11RHI:    0. 'Intel(R) Iris(TM) Graphics 6100' (Feature Level 11_0)
[2019.04.14-13.25.15:656][  0]LogD3D11RHI:       128/0/4047 MB DedicatedVideo/DedicatedSystem/SharedSystem, Outputs:1, VendorId:0x8086
[2019.04.14-13.25.15:666][  0]LogD3D11RHI:    1. 'Microsoft Basic Render Driver' (Feature Level 11_0)
[2019.04.14-13.25.15:666][  0]LogD3D11RHI:       0/0/4047 MB DedicatedVideo/DedicatedSystem/SharedSystem, Outputs:0, VendorId:0x1414
[2019.04.14-13.25.15:666][  0]LogD3D11RHI: Chosen D3D11 Adapter: 0
[2019.04.14-13.25.15:677][  0]LogD3D11RHI: Creating new Direct3DDevice
[2019.04.14-13.25.15:677][  0]LogD3D11RHI:     GPU DeviceId: 0x162b (for the marketing name, search the web for "GPU Device Id")
[2019.04.14-13.25.15:677][  0]LogWindows: EnumDisplayDevices:
[2019.04.14-13.25.15:678][  0]LogWindows:    0. 'Intel(R) Iris(TM) Graphics 6100' (P:1 D:1)
[2019.04.14-13.25.15:678][  0]LogWindows:    1. 'Intel(R) Iris(TM) Graphics 6100' (P:0 D:0)
[2019.04.14-13.25.15:679][  0]LogWindows:    2. 'Intel(R) Iris(TM) Graphics 6100' (P:0 D:0)
[2019.04.14-13.25.15:680][  0]LogWindows: DebugString: GetVideoDriverDetailsInvalid PrimaryIsNotTheChoosenAdapter GetVideoDriverDetailsInvalid PrimaryIsNotTheChoosenAdapter GetVideoDriverDetailsInvalid PrimaryIsNotTheChoosenAdapter FoundDriverCount:0 
[2019.04.14-13.25.15:680][  0]LogD3D11RHI:     Adapter Name: Intel(R) Iris(TM) Graphics 6100
[2019.04.14-13.25.15:680][  0]LogD3D11RHI:   Driver Version: Unknown (internal:Unknown, unified:Unknown)
[2019.04.14-13.25.15:681][  0]LogD3D11RHI:      Driver Date: Unknown
[2019.04.14-13.25.15:681][  0]LogRHI: Texture pool is 1506 MB (70% of 2151 MB)
[2019.04.14-13.25.15:695][  0]LogD3D11RHI: Async texture creation enabled
[2019.04.14-13.25.15:708][  0]LogD3D11RHI: GPU Timing Frequency: 12.500000 (Debug: 2 0)
[2019.04.14-13.25.15:710][  0]LogShaderCompilers: Guid format shader working directory is -17 characters bigger than the processId version (../../../../../../Users/Xiaojun/Documents/Unreal Projects/SlateUI/Intermediate/Shaders/WorkingDirectory/8708/).
[2019.04.14-13.25.15:711][  0]LogShaderCompilers: Cleaned the shader compiler working directory 'C:/Users/Xiaojun/AppData/Local/Temp/UnrealShaderWorkingDir/17E009724A1AEE8250306D88FCF17A52/'.
[2019.04.14-13.25.16:179][  0]LogTemp: Display: Loaded TP AllDesktopTargetPlatform
[2019.04.14-13.25.16:217][  0]LogTemp: Display: Loaded TP MacClientTargetPlatform
[2019.04.14-13.25.16:241][  0]LogTemp: Display: Loaded TP MacNoEditorTargetPlatform
[2019.04.14-13.25.16:272][  0]LogTemp: Display: Loaded TP MacServerTargetPlatform
[2019.04.14-13.25.16:301][  0]LogTemp: Display: Loaded TP MacTargetPlatform
[2019.04.14-13.25.16:335][  0]LogTemp: Display: Loaded TP WindowsClientTargetPlatform
[2019.04.14-13.25.16:378][  0]LogTemp: Display: Loaded TP WindowsNoEditorTargetPlatform
[2019.04.14-13.25.16:413][  0]LogTemp: Display: Loaded TP WindowsServerTargetPlatform
[2019.04.14-13.25.16:434][  0]LogTemp: Display: Loaded TP WindowsTargetPlatform
[2019.04.14-13.25.16:458][  0]LogTemp: Display: Loaded TP Android_ASTCTargetPlatform
[2019.04.14-13.25.16:487][  0]LogTemp: Display: Loaded TP Android_ATCTargetPlatform
[2019.04.14-13.25.16:508][  0]LogTemp: Display: Loaded TP Android_DXTTargetPlatform
[2019.04.14-13.25.16:537][  0]LogTemp: Display: Loaded TP Android_ETC1aTargetPlatform
[2019.04.14-13.25.16:578][  0]LogTemp: Display: Loaded TP Android_ETC1TargetPlatform
[2019.04.14-13.25.16:605][  0]LogTemp: Display: Loaded TP Android_ETC2TargetPlatform
[2019.04.14-13.25.16:674][  0]LogTemp: Display: Loaded TP Android_MultiTargetPlatform
[2019.04.14-13.25.16:675][  0]LogTemp: Display: Loaded TP Android_PVRTCTargetPlatform
[2019.04.14-13.25.16:705][  0]LogTemp: Display: Loaded TP AndroidTargetPlatform
[2019.04.14-13.25.16:710][  0]LogTemp: Display: Loaded TP HTML5TargetPlatform
[2019.04.14-13.25.16:785][  0]LogTemp: Display: Loaded TP IOSTargetPlatform
[2019.04.14-13.25.16:819][  0]LogTemp: Display: Loaded TP TVOSTargetPlatform
[2019.04.14-13.25.16:855][  0]LogTemp: Display: Loaded TP LinuxClientTargetPlatform
[2019.04.14-13.25.16:886][  0]LogTemp: Display: Loaded TP LinuxNoEditorTargetPlatform
[2019.04.14-13.25.16:906][  0]LogTemp: Display: Loaded TP LinuxServerTargetPlatform
[2019.04.14-13.25.16:938][  0]LogTemp: Display: Loaded TP LinuxTargetPlatform
[2019.04.14-13.25.16:938][  0]LogTargetPlatformManager: Display: Building Assets For Windows
[2019.04.14-13.25.17:262][  0]LogXGEController: Cleaning working directory: C:/Users/Xiaojun/AppData/Local/Temp/UnrealXGEWorkingDir/
[2019.04.14-13.25.17:263][  0]LogXGEController: Cannot use XGE Controller as Incredibuild is not installed on this machine.
[2019.04.14-13.25.17:263][  0]LogShaderCompilers: Cannot use XGE Shader Compiler as Incredibuild is not installed on this machine.
[2019.04.14-13.25.17:263][  0]LogShaderCompilers: Display: Using Local Shader Compiler.
[2019.04.14-13.25.18:611][  0]LogDerivedDataCache: Display: Max Cache Size: 512 MB
[2019.04.14-13.25.18:723][  0]LogDerivedDataCache: Loaded boot cache 0.11s 74MB C:/Users/Xiaojun/AppData/Local/UnrealEngine/4.19/DerivedDataCache/Boot.ddc.
[2019.04.14-13.25.18:723][  0]LogDerivedDataCache: Display: Loaded Boot cache: C:/Users/Xiaojun/AppData/Local/UnrealEngine/4.19/DerivedDataCache/Boot.ddc
[2019.04.14-13.25.18:724][  0]LogDerivedDataCache: FDerivedDataBackendGraph:  Pak pak cache file ../../../../../../Users/Xiaojun/Documents/Unreal Projects/SlateUI/DerivedDataCache/DDC.ddp not found, will not use a pak cache.
[2019.04.14-13.25.18:724][  0]LogDerivedDataCache: Unable to find inner node Pak for hierarchical cache Hierarchy.
[2019.04.14-13.25.18:724][  0]LogDerivedDataCache: FDerivedDataBackendGraph:  CompressedPak pak cache file ../../../../../../Users/Xiaojun/Documents/Unreal Projects/SlateUI/DerivedDataCache/Compressed.ddp not found, will not use a pak cache.
[2019.04.14-13.25.18:724][  0]LogDerivedDataCache: Unable to find inner node CompressedPak for hierarchical cache Hierarchy.
[2019.04.14-13.25.18:754][  0]LogDerivedDataCache: Display: Pak cache opened for reading ../../../Engine/DerivedDataCache/Compressed.ddp.
[2019.04.14-13.25.18:769][  0]LogDerivedDataCache: Using Local data cache path C:/Users/Xiaojun/AppData/Local/UnrealEngine/Common/DerivedDataCache: Writable
[2019.04.14-13.25.18:769][  0]LogDerivedDataCache: Shared data cache path not found in *engine.ini, will not use an Shared cache.
[2019.04.14-13.25.18:769][  0]LogDerivedDataCache: Unable to find inner node Shared for hierarchical cache Hierarchy.
[2019.04.14-13.25.18:794][  0]LogMaterial: Verifying Global Shaders for PCD3D_SM5
[2019.04.14-13.25.18:794][  0]LogSlate: Using Freetype 2.6.0
[2019.04.14-13.25.18:795][  0]LogSlate: SlateFontCache - WITH_FREETYPE: 1, WITH_HARFBUZZ: 1
[2019.04.14-13.25.18:796][  0]LogSlate: SlateFontCache - WITH_FREETYPE: 1, WITH_HARFBUZZ: 1
[2019.04.14-13.25.18:997][  0]LogAssetRegistry: FAssetRegistry took 0.0355 seconds to start up
[2019.04.14-13.25.19:598][  0]LogInit: Selected Device Profile: [Windows]
[2019.04.14-13.25.19:902][  0]LogSimplygon: Simplygon DLL not present - disabling.
[2019.04.14-13.25.19:922][  0]LogMeshReduction: Using SimplygonSwarm for distributed automatic mesh merging
[2019.04.14-13.25.19:922][  0]LogMeshReduction: Using QuadricMeshReduction for automatic static mesh reduction
[2019.04.14-13.25.19:922][  0]LogMeshReduction: No automatic skeletal mesh reduction module available
[2019.04.14-13.25.19:922][  0]LogMeshReduction: No automatic mesh merging module available
[2019.04.14-13.25.19:922][  0]LogMeshMerging: No automatic mesh merging module available
[2019.04.14-13.25.19:987][  0]LogNetVersion: SlateUI , NetCL: 3944462, EngineNetVer: 2, GameNetVer: 0 (Checksum: 2961600931)
[2019.04.14-13.25.20:750][  0]LogPackageLocalizationCache: Processed 9 localized package path(s) for 2 prioritized culture(s) in 0.173787 seconds
[2019.04.14-13.25.20:760][  0]LogUObjectArray: 36728 objects as part of root set at end of initial load.
[2019.04.14-13.25.20:760][  0]LogUObjectAllocator: 7314312 out of 0 bytes used by permanent object pool.
[2019.04.14-13.25.20:760][  0]LogUObjectArray: CloseDisregardForGC: 0/0 objects in disregard for GC pool
[2019.04.14-13.25.23:599][  0]LogTcpMessaging: Initializing TcpMessaging bridge
[2019.04.14-13.25.23:656][  0]LogUdpMessaging: Initializing bridge on interface 0.0.0.0:0 to multicast group 230.0.0.1:6666.
[2019.04.14-13.25.24:488][  0]SourceControl: Source control is disabled
[2019.04.14-13.25.24:488][  0]SourceControl: Source control is disabled
[2019.04.14-13.25.24:527][  0]SourceControl: Source control is disabled
[2019.04.14-13.25.24:569][  0]SourceControl: Source control is disabled
[2019.04.14-13.25.25:571][  0]LogAndroidPermission: UAndroidPermissionCallbackProxy::GetInstance
[2019.04.14-13.25.25:904][  0]LogOcInput: OculusInput pre-init called
[2019.04.14-13.25.26:094][  0]LogEngine: Initializing Engine...
[2019.04.14-13.25.26:096][  0]LogHMD: Failed to initialize OpenVR with code 110
[2019.04.14-13.25.26:098][  0]LogStats: UGameplayTagsManager::ConstructGameplayTagTree: Construct from data asset -  0.000 s
[2019.04.14-13.25.26:098][  0]LogStats: UGameplayTagsManager::ConstructGameplayTagTree: GameplayTagTreeChangedEvent.Broadcast -  0.000 s
[2019.04.14-13.25.26:378][  0]LogAIModule: Creating AISystem for world Untitled
[2019.04.14-13.25.26:402][  0]LogInit: XAudio2 using 'Speakers (Cirrus Logic CS4208 (AB 123))' : 2 channels at 44.1 kHz using 32 bits per sample (channel mask 0x3)
[2019.04.14-13.25.26:455][  0]LogInit: FAudioDevice initialized.
[2019.04.14-13.25.26:523][  0]LogDerivedDataCache: Saved boot cache 0.07s 74MB C:/Users/Xiaojun/AppData/Local/UnrealEngine/4.19/DerivedDataCache/Boot.ddc.
[2019.04.14-13.25.26:545][  0]LogInit: Texture streaming: Enabled
[2019.04.14-13.25.26:597][  0]LogEngineSessionManager: EngineSessionManager initialized
[2019.04.14-13.25.26:620][  0]LogInit: Transaction tracking system initialized
[2019.04.14-13.25.26:687][  0]BlueprintLog: New page: Editor Load
[2019.04.14-13.25.26:892][  0]LocalizationService: Localization service is disabled
[2019.04.14-13.25.27:096][  0]LogConsoleResponse: Display: 
[2019.04.14-13.25.27:350][  0]LogCook: Display: Max memory allowance for cook 16384mb min free memory 0mb
[2019.04.14-13.25.27:351][  0]LogCook: Display: Mobile HDR setting 1
[2019.04.14-13.25.27:351][  0]LogGameplayTags: Display: UGameplayTagsManager::DoneAddingNativeTags. DelegateIsBound: 0
[2019.04.14-13.25.27:351][  0]LogStats: UGameplayTagsManager::ConstructGameplayTagTree: Construct from data asset -  0.000 s
[2019.04.14-13.25.27:351][  0]LogFileCache: Scanning file cache for directory 'C:/Users/Xiaojun/Documents/Unreal Projects/SlateUI/Content/' took 0.01s
[2019.04.14-13.25.27:351][  0]LogStats: UGameplayTagsManager::ConstructGameplayTagTree: GameplayTagTreeChangedEvent.Broadcast -  0.000 s
[2019.04.14-13.25.28:126][  0]SourceControl: Source control is disabled
[2019.04.14-13.25.28:126][  0]Cmd: MAP LOAD FILE="../../../Engine/Content/Maps/Templates/Template_Default.umap" TEMPLATE=1 SHOWPROGRESS=1 FEATURELEVEL=3
[2019.04.14-13.25.28:127][  0]LightingResults: New page: Lighting Build
[2019.04.14-13.25.28:132][  0]MapCheck: New page: Map Check
[2019.04.14-13.25.28:132][  0]LightingResults: New page: Lighting Build
[2019.04.14-13.25.28:378][  0]LogAIModule: Creating AISystem for world Untitled_1
[2019.04.14-13.25.28:388][  0]LogEditorServer: Finished looking for orphan Actors (0.002 secs)
[2019.04.14-13.25.28:424][  0]Cmd: MAP CHECKDEP NOCLEARLOG
[2019.04.14-13.25.28:511][  0]MapCheck: Map check complete: 0 Error(s), 0 Warning(s), took 87.238ms to complete.
[2019.04.14-13.25.28:511][  0]LogFileHelpers: Loading map 'Template_Default' took 0.385
[2019.04.14-13.25.28:753][  0]LogCollectionManager: Loaded 0 collections in 0.005404 seconds
[2019.04.14-13.25.28:808][  0]LogFileCache: Scanning file cache for directory 'C:/Users/Xiaojun/Documents/Unreal Projects/SlateUI/Saved/Collections/' took 0.01s
[2019.04.14-13.25.28:808][  0]LogFileCache: Scanning file cache for directory 'C:/Users/Xiaojun/Documents/Unreal Projects/SlateUI/Content/Developers/Xiaojun/Collections/' took 0.01s
[2019.04.14-13.25.28:808][  0]LogFileCache: Scanning file cache for directory 'C:/Users/Xiaojun/Documents/Unreal Projects/SlateUI/Content/Collections/' took 0.01s
[2019.04.14-13.25.28:808][  0]LogCollectionManager: Rebuilt the GUID cache for 0 collections in 0.000000 seconds
[2019.04.14-13.25.28:820][  0]LogContentBrowser: Native class hierarchy populated in 0.0114 seconds. Added 2455 classes and 560 folders.
[2019.04.14-13.25.28:834][  0]LogContentBrowser: Native class hierarchy updated for 'WidgetCarousel' in 0.0010 seconds. Added 0 classes and 0 folders.
[2019.04.14-13.25.28:923][  0]LogContentBrowser: Native class hierarchy updated for 'AddContentDialog' in 0.0010 seconds. Added 0 classes and 0 folders.
[2019.04.14-13.25.28:937][  0]LogContentBrowser: Native class hierarchy updated for 'SceneOutliner' in 0.0010 seconds. Added 1 classes and 2 folders.
[2019.04.14-13.25.29:062][  0]LogContentBrowser: Native class hierarchy updated for 'HierarchicalLODOutliner' in 0.0014 seconds. Added 0 classes and 0 folders.
[2019.04.14-13.25.29:063][  0]LogLoad: (Engine Initialization) Total time: 20.47 seconds
[2019.04.14-13.25.29:063][  0]LogLoad: (Engine Initialization) Total Blueprint compile time: 0.00 seconds
[2019.04.14-13.25.29:105][  0]LogContentStreaming: Texture pool size now 1000 MB
[2019.04.14-13.25.29:107][  0]LogSlate: Took 0.000404 seconds to synchronously load lazily loaded font '../../../Engine/Content/Slate/Fonts/Roboto-Regular.ttf' (155K)
[2019.04.14-13.25.29:110][  0]LogSlate: Took 0.000378 seconds to synchronously load lazily loaded font '../../../Engine/Content/Slate/Fonts/Roboto-Bold.ttf' (160K)
[2019.04.14-13.25.29:120][  0]LogSlate: Took 0.000263 seconds to synchronously load lazily loaded font '../../../Engine/Content/Editor/Slate/Fonts/FontAwesome.ttf' (139K)
[2019.04.14-13.25.29:293][  0]LogRenderer: Reallocating scene render targets to support 864x392 Format 10 NumSamples 1 (Frame:1).
[2019.04.14-13.25.30:344][  2]LogAssetRegistry: Asset discovery search completed in 11.3728 seconds
[2019.04.14-13.25.30:347][  2]LogCollectionManager: Rebuilt the object cache for 0 collections in 0.000001 seconds (found 0 objects)
[2019.04.14-13.25.30:347][  2]LogCollectionManager: Fixed up redirectors for 0 collections in 0.000296 seconds (updated 0 objects)
[2019.04.14-13.25.32:078][ 87]LogSlate: FSceneViewport::OnFocusLost() reason 0
[2019.04.14-13.25.32:989][133]LogSlate: Took 0.000308 seconds to synchronously load lazily loaded font '../../../Engine/Content/Slate/Fonts/Roboto-Light.ttf' (167K)
[2019.04.14-13.25.35:248][240]LogTemp: Repeating last play command: Selected Viewport
[2019.04.14-13.25.35:275][240]LogPlayLevel: PlayLevel: No blueprints needed recompiling
[2019.04.14-13.25.35:276][240]PIE: New page: PIE session: Untitled_1 (Apr 14, 2019, 5:25:35 PM)
[2019.04.14-13.25.35:276][240]LogPlayLevel: Creating play world package: /Temp/UEDPIE_0_Untitled_1
[2019.04.14-13.25.35:280][240]LogPlayLevel: PIE: StaticDuplicateObject took: (0.003962s)
[2019.04.14-13.25.35:281][240]LogAIModule: Creating AISystem for world Untitled_1
[2019.04.14-13.25.35:282][240]LogPlayLevel: PIE: World Init took: (0.001461s)
[2019.04.14-13.25.35:282][240]LogPlayLevel: PIE: Created PIE world by copying editor world from /Temp/Untitled_1.Untitled_1 to /Temp/UEDPIE_0_Untitled_1.Untitled_1 (0.006127s)
[2019.04.14-13.25.35:305][240]LogInit: XAudio2 using 'Speakers (Cirrus Logic CS4208 (AB 123))' : 2 channels at 44.1 kHz using 32 bits per sample (channel mask 0x3)
[2019.04.14-13.25.35:321][240]LogInit: FAudioDevice initialized.
[2019.04.14-13.25.35:371][240]LogLoad: Game class is 'SlateGameMode'
[2019.04.14-13.25.35:373][240]LogWorld: Bringing World /Temp/UEDPIE_0_Untitled_1.Untitled_1 up for play (max tick rate 60) at 2019.04.14-15.25.35
[2019.04.14-13.25.35:374][240]LogWorld: Bringing up level for play took: 0.001042
[2019.04.14-13.25.35:380][240]LogContentBrowser: Native class hierarchy updated for 'MovieSceneCapture' in 0.0010 seconds. Added 11 classes and 0 folders.
[2019.04.14-13.25.35:381][240]LogGameMode: Display: Match State Changed from EnteringMap to WaitingToStart
[2019.04.14-13.25.35:381][240]LogGameState: Match State Changed from EnteringMap to WaitingToStart
[2019.04.14-13.25.35:381][240]LogGameMode: Display: Match State Changed from WaitingToStart to InProgress
[2019.04.14-13.25.35:383][240]LogGameState: Match State Changed from WaitingToStart to InProgress
[2019.04.14-13.25.35:383][240]PIE: Play in editor start time for /Temp/UEDPIE_0_Untitled_1 0.862
[2019.04.14-13.25.39:526][360]LogSlate: FSceneViewport::OnFocusLost() reason 0
[2019.04.14-13.25.39:565][360]LogSlate: Took 0.021000 seconds to synchronously load lazily loaded font '../../../Engine/Content/Slate/Fonts/DroidSansMono.ttf' (77K)
[2019.04.14-13.25.49:677][653]LogSlate: FSceneViewport::OnFocusLost() reason 2
[2019.04.14-13.25.51:447][721]LogSlate: FSceneViewport::OnFocusLost() reason 2
[2019.04.14-13.25.53:015][721]LogSlate: Only BGRA pngs, bmps or icos are supported in by External Image Picker
[2019.04.14-13.25.53:314][722]LogTemp: Executing iPhonePackager certificates Engine -bundlename com.YourCompany.SlateUI
[2019.04.14-13.25.53:316][722]LogTemp: CWD: C:\Program Files\Epic Games\UE_4.19\Engine\Binaries\DotNET\IOS
[2019.04.14-13.25.53:317][722]LogTemp: Initial Dir: C:\Program Files\Epic Games\UE_4.19
[2019.04.14-13.25.53:317][722]LogTemp: Env CWD: C:\Program Files\Epic Games\UE_4.19\Engine\Binaries\DotNET\IOS
[2019.04.14-13.25.53:318][722]LogTemp: BranchPath = DESKTOP-UKLRMS9/C/Program Files/Epic Games/UE_4.19/Engine/Binaries --- GameBranchPath = DESKTOP-UKLRMS9/C/Program Files/Epic Games/UE_4.19/Engine/Binaries
[2019.04.14-13.25.53:322][722]LogTemp: IPP ERROR: Could not find provision directory 'C:\Users\Xiaojun\AppData\Local/Apple Computer/MobileDevice/Provisioning Profiles/'.
[2019.04.14-13.26.01:041][888]LogSlate: Window 'Project Settings' being destroyed
[2019.04.14-13.26.01:075][888]LogSlate: Window 'Project Settings' being destroyed
[2019.04.14-13.26.03:309][946]LogSlate: FSceneViewport::OnFocusLost() reason 0
[2019.04.14-13.26.14:731][281]LogSlate: FSceneViewport::OnFocusLost() reason 0
