Log file open, 04/14/19 15:28:42
LogWindows: Failed to load 'aqProf.dll' (GetLastError=126)
LogWindows: File 'aqProf.dll' does not exist
LogWindows: Failed to load 'VtuneApi.dll' (GetLastError=126)
LogWindows: File 'VtuneApi.dll' does not exist
LogWindows: Failed to load 'VtuneApi32e.dll' (GetLastError=126)
LogWindows: File 'VtuneApi32e.dll' does not exist
LogInit: Display: Running engine for game: SlateUI
LogPlatformFile: Not using cached read wrapper
LogInit: Display: RandInit(750926622) SRandInit(750926622).
LogInit: Read version file with build ID '3944462'
LogInit: Overriding engine version to CL 4033788, compatible CL 3944462
LogInit: Registered custom module enumerator with build ID '3944462'
LogTaskGraph: Started task graph with 5 named threads and 11 total threads with 3 sets of task threads.
LogStats: Stats thread started at 0.366916
LogD3D11RHI: Aftermath initialized
LogICUInternationalization: Display: ICU TimeZone Detection - Raw Offset: +1:00, Platform Override: ''
LogPluginManager: Mounting plugin Paper2D
LogPluginManager: Mounting plugin LiveLink
LogPluginManager: Mounting plugin LightPropagationVolume
LogPluginManager: Mounting plugin CLionSourceCodeAccess
LogPluginManager: Mounting plugin CodeLiteSourceCodeAccess
LogPluginManager: Mounting plugin GitSourceControl
LogPluginManager: Mounting plugin KDevelopSourceCodeAccess
LogPluginManager: Mounting plugin NullSourceCodeAccess
LogPluginManager: Mounting plugin PerforceSourceControl
LogPluginManager: Mounting plugin SubversionSourceControl
LogPluginManager: Mounting plugin UObjectPlugin
LogPluginManager: Mounting plugin VisualStudioCodeSourceCodeAccess
LogPluginManager: Mounting plugin VisualStudioSourceCodeAccess
LogPluginManager: Mounting plugin XCodeSourceCodeAccess
LogPluginManager: Mounting plugin AssetManagerEditor
LogPluginManager: Mounting plugin CryptoKeys
LogPluginManager: Mounting plugin DataValidation
LogPluginManager: Mounting plugin FacialAnimation
LogPluginManager: Mounting plugin GameplayTagsEditor
LogPluginManager: Mounting plugin MobileLauncherProfileWizard
LogPluginManager: Mounting plugin PluginBrowser
LogPluginManager: Mounting plugin SpeedTreeImporter
LogPluginManager: Mounting plugin DatasmithContent
LogPluginManager: Mounting plugin AlembicImporter
LogPluginManager: Mounting plugin CharacterAI
LogPluginManager: Mounting plugin HTML5Networking
LogPluginManager: Mounting plugin AndroidMedia
LogPluginManager: Mounting plugin AvfMedia
LogPluginManager: Mounting plugin ImgMedia
LogPluginManager: Mounting plugin LinearTimecode
LogPluginManager: Mounting plugin MediaCompositing
LogPluginManager: Mounting plugin MediaPlayerEditor
LogPluginManager: Mounting plugin WmfMedia
LogPluginManager: Mounting plugin TcpMessaging
LogPluginManager: Mounting plugin UdpMessaging
LogPluginManager: Mounting plugin ActorSequence
LogPluginManager: Mounting plugin LevelSequenceEditor
LogPluginManager: Mounting plugin MatineeToLevelSequence
LogPluginManager: Mounting plugin NetcodeUnitTest
LogPluginManager: Mounting plugin NUTUnrealEngine4
LogPluginManager: Mounting plugin OnlineSubsystemGooglePlay
LogPluginManager: Mounting plugin OnlineSubsystemIOS
LogPluginManager: Mounting plugin OnlineSubsystem
LogPluginManager: Mounting plugin OnlineSubsystemNull
LogPluginManager: Mounting plugin OnlineSubsystemUtils
LogPluginManager: Mounting plugin AndroidDeviceProfileSelector
LogPluginManager: Mounting plugin AndroidMoviePlayer
LogPluginManager: Mounting plugin AndroidPermission
LogPluginManager: Mounting plugin AppleARKit
LogPluginManager: Mounting plugin AppleMoviePlayer
LogPluginManager: Mounting plugin ArchVisCharacter
LogPluginManager: Mounting plugin AudioCapture
LogPluginManager: Mounting plugin CableComponent
LogPluginManager: Mounting plugin CustomMeshComponent
LogPluginManager: Mounting plugin ExampleDeviceProfileSelector
LogPluginManager: Mounting plugin GoogleCloudMessaging
LogPluginManager: Mounting plugin ImmediatePhysics
LogPluginManager: Mounting plugin IOSDeviceProfileSelector
LogPluginManager: Mounting plugin LinuxDeviceProfileSelector
LogPluginManager: Mounting plugin LocationServicesBPLibrary
LogPluginManager: Mounting plugin MobilePatchingUtils
LogPluginManager: Mounting plugin OculusVR
LogPluginManager: Plugin shader directory ../../../Engine/Plugins/Runtime/Oculus/OculusVR/Shaders found
LogPluginManager: Mapping shader source directory ../../../Engine/Plugins/Runtime/Oculus/OculusVR/Shaders to virtual directory /Plugin/OculusVR
LogPluginManager: Mounting plugin PhysXVehicles
LogPluginManager: Mounting plugin ProceduralMeshComponent
LogPluginManager: Mounting plugin RuntimePhysXCooking
LogPluginManager: Mounting plugin SteamVR
LogPluginManager: Mounting plugin WindowsMoviePlayer
LogStreaming: Display: Took  0.204s to configure plugins.
LogModuleManager: Display: Found up-to-date module file ../../../../../../Users/Xiaojun/Documents/Unreal Projects/SlateUI/Binaries/Win64/UE4Editor-SlateUI.dll (API version 3944462).
LogModuleManager: Display: Found up-to-date module file ../../../Engine/Plugins/2D/Paper2D/Binaries/Win64/UE4Editor-Paper2D.dll (API version 3944462).
LogModuleManager: Display: Found up-to-date module file ../../../Engine/Plugins/2D/Paper2D/Binaries/Win64/UE4Editor-Paper2DEditor.dll (API version 3944462).
LogModuleManager: Display: Found up-to-date module file ../../../Engine/Plugins/2D/Paper2D/Binaries/Win64/UE4Editor-PaperSpriteSheetImporter.dll (API version 3944462).
LogModuleManager: Display: Found up-to-date module file ../../../Engine/Plugins/2D/Paper2D/Binaries/Win64/UE4Editor-PaperTiledImporter.dll (API version 3944462).
LogModuleManager: Display: Found up-to-date module file ../../../Engine/Plugins/2D/Paper2D/Binaries/Win64/UE4Editor-SmartSnapping.dll (API version 3944462).
LogModuleManager: Display: Found up-to-date module file ../../../Engine/Plugins/Animation/LiveLink/Binaries/Win64/UE4Editor-LiveLink.dll (API version 3944462).
LogModuleManager: Display: Found up-to-date module file ../../../Engine/Plugins/Animation/LiveLink/Binaries/Win64/UE4Editor-LiveLinkEditor.dll (API version 3944462).
LogModuleManager: Display: Found up-to-date module file ../../../Engine/Plugins/Blendables/LightPropagationVolume/Binaries/Win64/UE4Editor-LightPropagationVolumeRuntime.dll (API version 3944462).
LogModuleManager: Display: Found up-to-date module file ../../../Engine/Plugins/Blendables/LightPropagationVolume/Binaries/Win64/UE4Editor-LightPropagationVolumeEditor.dll (API version 3944462).
LogModuleManager: Display: Found up-to-date module file ../../../Engine/Plugins/Developer/CLionSourceCodeAccess/Binaries/Win64/UE4Editor-CLionSourceCodeAccess.dll (API version 3944462).
LogModuleManager: Display: Found up-to-date module file ../../../Engine/Plugins/Developer/GitSourceControl/Binaries/Win64/UE4Editor-GitSourceControl.dll (API version 3944462).
LogModuleManager: Display: Found up-to-date module file ../../../Engine/Plugins/Developer/PerforceSourceControl/Binaries/Win64/UE4Editor-PerforceSourceControl.dll (API version 3944462).
LogModuleManager: Display: Found up-to-date module file ../../../Engine/Plugins/Developer/SubversionSourceControl/Binaries/Win64/UE4Editor-SubversionSourceControl.dll (API version 3944462).
LogModuleManager: Display: Found up-to-date module file ../../../Engine/Plugins/Developer/UObjectPlugin/Binaries/Win64/UE4Editor-UObjectPlugin.dll (API version 3944462).
LogModuleManager: Display: Found up-to-date module file ../../../Engine/Plugins/Developer/VisualStudioCodeSourceCodeAccess/Binaries/Win64/UE4Editor-VisualStudioCodeSourceCodeAccess.dll (API version 3944462).
LogModuleManager: Display: Found up-to-date module file ../../../Engine/Plugins/Developer/VisualStudioSourceCodeAccess/Binaries/Win64/UE4Editor-VisualStudioSourceCodeAccess.dll (API version 3944462).
LogModuleManager: Display: Found up-to-date module file ../../../Engine/Plugins/Editor/AssetManagerEditor/Binaries/Win64/UE4Editor-AssetManagerEditor.dll (API version 3944462).
LogModuleManager: Display: Found up-to-date module file ../../../Engine/Plugins/Editor/CryptoKeys/Binaries/Win64/UE4Editor-CryptoKeys.dll (API version 3944462).
LogModuleManager: Display: Found up-to-date module file ../../../Engine/Plugins/Editor/CryptoKeys/Binaries/Win64/UE4Editor-CryptoKeysOpenSSL.dll (API version 3944462).
LogModuleManager: Display: Found up-to-date module file ../../../Engine/Plugins/Editor/DataValidation/Binaries/Win64/UE4Editor-DataValidation.dll (API version 3944462).
LogModuleManager: Display: Found up-to-date module file ../../../Engine/Plugins/Editor/FacialAnimation/Binaries/Win64/UE4Editor-FacialAnimation.dll (API version 3944462).
LogModuleManager: Display: Found up-to-date module file ../../../Engine/Plugins/Editor/FacialAnimation/Binaries/Win64/UE4Editor-FacialAnimationEditor.dll (API version 3944462).
LogModuleManager: Display: Found up-to-date module file ../../../Engine/Plugins/Editor/GameplayTagsEditor/Binaries/Win64/UE4Editor-GameplayTagsEditor.dll (API version 3944462).
LogModuleManager: Display: Found up-to-date module file ../../../Engine/Plugins/Editor/MobileLauncherProfileWizard/Binaries/Win64/UE4Editor-MobileLauncherProfileWizard.dll (API version 3944462).
LogModuleManager: Display: Found up-to-date module file ../../../Engine/Plugins/Editor/PluginBrowser/Binaries/Win64/UE4Editor-PluginBrowser.dll (API version 3944462).
LogModuleManager: Display: Found up-to-date module file ../../../Engine/Plugins/Editor/SpeedTreeImporter/Binaries/Win64/UE4Editor-SpeedTreeImporter.dll (API version 3944462).
LogModuleManager: Display: Found up-to-date module file ../../../Engine/Plugins/Enterprise/DatasmithContent/Binaries/Win64/UE4Editor-DatasmithContent.dll (API version 3944462).
LogModuleManager: Display: Found up-to-date module file ../../../Engine/Plugins/Experimental/AlembicImporter/Binaries/Win64/UE4Editor-AlembicImporter.dll (API version 3944462).
LogModuleManager: Display: Found up-to-date module file ../../../Engine/Plugins/Experimental/AlembicImporter/Binaries/Win64/UE4Editor-AlembicLibrary.dll (API version 3944462).
LogModuleManager: Display: Found up-to-date module file ../../../Engine/Plugins/Experimental/CharacterAI/Binaries/Win64/UE4Editor-CharacterAI.dll (API version 3944462).
LogModuleManager: Display: Found up-to-date module file ../../../Engine/Plugins/Experimental/HTML5Networking/Binaries/Win64/UE4Editor-HTML5Networking.dll (API version 3944462).
LogModuleManager: Display: Found up-to-date module file ../../../Engine/Plugins/Media/AndroidMedia/Binaries/Win64/UE4Editor-AndroidMediaEditor.dll (API version 3944462).
LogModuleManager: Display: Found up-to-date module file ../../../Engine/Plugins/Media/AndroidMedia/Binaries/Win64/UE4Editor-AndroidMediaFactory.dll (API version 3944462).
LogModuleManager: Display: Found up-to-date module file ../../../Engine/Plugins/Media/AvfMedia/Binaries/Win64/UE4Editor-AvfMediaEditor.dll (API version 3944462).
LogModuleManager: Display: Found up-to-date module file ../../../Engine/Plugins/Media/AvfMedia/Binaries/Win64/UE4Editor-AvfMediaFactory.dll (API version 3944462).
LogModuleManager: Display: Found up-to-date module file ../../../Engine/Plugins/Media/AvfMedia/Binaries/Win64/UE4Editor-AvfMediaFactory.dll (API version 3944462).
LogModuleManager: Display: Found up-to-date module file ../../../Engine/Plugins/Media/ImgMedia/Binaries/Win64/UE4Editor-ImgMedia.dll (API version 3944462).
LogModuleManager: Display: Found up-to-date module file ../../../Engine/Plugins/Media/ImgMedia/Binaries/Win64/UE4Editor-ImgMediaEditor.dll (API version 3944462).
LogModuleManager: Display: Found up-to-date module file ../../../Engine/Plugins/Media/ImgMedia/Binaries/Win64/UE4Editor-ImgMediaFactory.dll (API version 3944462).
LogModuleManager: Display: Found up-to-date module file ../../../Engine/Plugins/Media/ImgMedia/Binaries/Win64/UE4Editor-ImgMediaFactory.dll (API version 3944462).
LogModuleManager: Display: Found up-to-date module file ../../../Engine/Plugins/Media/ImgMedia/Binaries/Win64/UE4Editor-OpenExrWrapper.dll (API version 3944462).
LogModuleManager: Display: Found up-to-date module file ../../../Engine/Plugins/Media/LinearTimecode/Binaries/Win64/UE4Editor-LinearTimecode.dll (API version 3944462).
LogModuleManager: Display: Found up-to-date module file ../../../Engine/Plugins/Media/MediaCompositing/Binaries/Win64/UE4Editor-MediaCompositing.dll (API version 3944462).
LogModuleManager: Display: Found up-to-date module file ../../../Engine/Plugins/Media/MediaCompositing/Binaries/Win64/UE4Editor-MediaCompositingEditor.dll (API version 3944462).
LogModuleManager: Display: Found up-to-date module file ../../../Engine/Plugins/Media/MediaPlayerEditor/Binaries/Win64/UE4Editor-MediaPlayerEditor.dll (API version 3944462).
LogModuleManager: Display: Found up-to-date module file ../../../Engine/Plugins/Media/WmfMedia/Binaries/Win64/UE4Editor-WmfMedia.dll (API version 3944462).
LogModuleManager: Display: Found up-to-date module file ../../../Engine/Plugins/Media/WmfMedia/Binaries/Win64/UE4Editor-WmfMediaEditor.dll (API version 3944462).
LogModuleManager: Display: Found up-to-date module file ../../../Engine/Plugins/Media/WmfMedia/Binaries/Win64/UE4Editor-WmfMediaFactory.dll (API version 3944462).
LogModuleManager: Display: Found up-to-date module file ../../../Engine/Plugins/Media/WmfMedia/Binaries/Win64/UE4Editor-WmfMediaFactory.dll (API version 3944462).
LogModuleManager: Display: Found up-to-date module file ../../../Engine/Plugins/Messaging/TcpMessaging/Binaries/Win64/UE4Editor-TcpMessaging.dll (API version 3944462).
LogModuleManager: Display: Found up-to-date module file ../../../Engine/Plugins/Messaging/UdpMessaging/Binaries/Win64/UE4Editor-UdpMessaging.dll (API version 3944462).
LogModuleManager: Display: Found up-to-date module file ../../../Engine/Plugins/MovieScene/ActorSequence/Binaries/Win64/UE4Editor-ActorSequence.dll (API version 3944462).
LogModuleManager: Display: Found up-to-date module file ../../../Engine/Plugins/MovieScene/LevelSequenceEditor/Binaries/Win64/UE4Editor-LevelSequenceEditor.dll (API version 3944462).
LogModuleManager: Display: Found up-to-date module file ../../../Engine/Plugins/MovieScene/MatineeToLevelSequence/Binaries/Win64/UE4Editor-MatineeToLevelSequence.dll (API version 3944462).
LogModuleManager: Display: Found up-to-date module file ../../../Engine/Plugins/NetcodeUnitTest/NetcodeUnitTest/Binaries/Win64/UE4Editor-NetcodeUnitTest.dll (API version 3944462).
LogModuleManager: Display: Found up-to-date module file ../../../Engine/Plugins/NetcodeUnitTest/NUTUnrealEngine4/Binaries/Win64/UE4Editor-NUTUnrealEngine4.dll (API version 3944462).
LogModuleManager: Display: Found up-to-date module file ../../../Engine/Plugins/Online/OnlineSubsystem/Binaries/Win64/UE4Editor-OnlineSubsystem.dll (API version 3944462).
LogModuleManager: Display: Found up-to-date module file ../../../Engine/Plugins/Online/OnlineSubsystemNull/Binaries/Win64/UE4Editor-OnlineSubsystemNull.dll (API version 3944462).
LogModuleManager: Display: Found up-to-date module file ../../../Engine/Plugins/Online/OnlineSubsystemUtils/Binaries/Win64/UE4Editor-OnlineSubsystemUtils.dll (API version 3944462).
LogModuleManager: Display: Found up-to-date module file ../../../Engine/Plugins/Online/OnlineSubsystemUtils/Binaries/Win64/UE4Editor-OnlineBlueprintSupport.dll (API version 3944462).
LogModuleManager: Display: Found up-to-date module file ../../../Engine/Plugins/Runtime/AndroidDeviceProfileSelector/Binaries/Win64/UE4Editor-AndroidDeviceProfileSelector.dll (API version 3944462).
LogModuleManager: Display: Found up-to-date module file ../../../Engine/Plugins/Runtime/AndroidPermission/Binaries/Win64/UE4Editor-AndroidPermission.dll (API version 3944462).
LogModuleManager: Display: Found up-to-date module file ../../../Engine/Plugins/Runtime/AppleARKit/Binaries/Win64/UE4Editor-AppleARKit.dll (API version 3944462).
LogModuleManager: Display: Found up-to-date module file ../../../Engine/Plugins/Runtime/ArchVisCharacter/Binaries/Win64/UE4Editor-ArchVisCharacter.dll (API version 3944462).
LogModuleManager: Display: Found up-to-date module file ../../../Engine/Plugins/Runtime/AudioCapture/Binaries/Win64/UE4Editor-AudioCapture.dll (API version 3944462).
LogModuleManager: Display: Found up-to-date module file ../../../Engine/Plugins/Runtime/AudioCapture/Binaries/Win64/UE4Editor-AudioCaptureEditor.dll (API version 3944462).
LogModuleManager: Display: Found up-to-date module file ../../../Engine/Plugins/Runtime/CableComponent/Binaries/Win64/UE4Editor-CableComponent.dll (API version 3944462).
LogModuleManager: Display: Found up-to-date module file ../../../Engine/Plugins/Runtime/CustomMeshComponent/Binaries/Win64/UE4Editor-CustomMeshComponent.dll (API version 3944462).
LogModuleManager: Display: Found up-to-date module file ../../../Engine/Plugins/Runtime/ExampleDeviceProfileSelector/Binaries/Win64/UE4Editor-ExampleDeviceProfileSelector.dll (API version 3944462).
LogModuleManager: Display: Found up-to-date module file ../../../Engine/Plugins/Runtime/ImmediatePhysics/Binaries/Win64/UE4Editor-ImmediatePhysics.dll (API version 3944462).
LogModuleManager: Display: Found up-to-date module file ../../../Engine/Plugins/Runtime/ImmediatePhysics/Binaries/Win64/UE4Editor-ImmediatePhysicsEditor.dll (API version 3944462).
LogModuleManager: Display: Found up-to-date module file ../../../Engine/Plugins/Runtime/LocationServicesBPLibrary/Binaries/Win64/UE4Editor-LocationServicesBPLibrary.dll (API version 3944462).
LogModuleManager: Display: Found up-to-date module file ../../../Engine/Plugins/Runtime/MobilePatchingUtils/Binaries/Win64/UE4Editor-MobilePatchingUtils.dll (API version 3944462).
LogModuleManager: Display: Found up-to-date module file ../../../Engine/Plugins/Runtime/Oculus/OculusVR/Binaries/Win64/UE4Editor-OculusHMD.dll (API version 3944462).
LogModuleManager: Display: Found up-to-date module file ../../../Engine/Plugins/Runtime/Oculus/OculusVR/Binaries/Win64/UE4Editor-OculusInput.dll (API version 3944462).
LogModuleManager: Display: Found up-to-date module file ../../../Engine/Plugins/Runtime/Oculus/OculusVR/Binaries/Win64/UE4Editor-OculusEditor.dll (API version 3944462).
LogModuleManager: Display: Found up-to-date module file ../../../Engine/Plugins/Runtime/PhysXVehicles/Binaries/Win64/UE4Editor-PhysXVehicles.dll (API version 3944462).
LogModuleManager: Display: Found up-to-date module file ../../../Engine/Plugins/Runtime/PhysXVehicles/Binaries/Win64/UE4Editor-PhysXVehiclesEditor.dll (API version 3944462).
LogModuleManager: Display: Found up-to-date module file ../../../Engine/Plugins/Runtime/ProceduralMeshComponent/Binaries/Win64/UE4Editor-ProceduralMeshComponent.dll (API version 3944462).
LogModuleManager: Display: Found up-to-date module file ../../../Engine/Plugins/Runtime/ProceduralMeshComponent/Binaries/Win64/UE4Editor-ProceduralMeshComponentEditor.dll (API version 3944462).
LogModuleManager: Display: Found up-to-date module file ../../../Engine/Plugins/Runtime/RuntimePhysXCooking/Binaries/Win64/UE4Editor-RuntimePhysXCooking.dll (API version 3944462).
LogModuleManager: Display: Found up-to-date module file ../../../Engine/Plugins/Runtime/Steam/SteamVR/Binaries/Win64/UE4Editor-SteamVR.dll (API version 3944462).
LogModuleManager: Display: Found up-to-date module file ../../../Engine/Plugins/Runtime/Steam/SteamVR/Binaries/Win64/UE4Editor-SteamVRController.dll (API version 3944462).
LogModuleManager: Display: Found up-to-date module file ../../../Engine/Plugins/Runtime/WindowsMoviePlayer/Binaries/Win64/UE4Editor-WindowsMoviePlayer.dll (API version 3944462).
LogInit: Using libcurl 7.47.1
LogInit:  - built for x86_64-pc-win32
LogInit:  - supports SSL with OpenSSL/1.0.2g
LogInit:  - supports HTTP deflate (compression) using libz 1.2.8
LogInit:  - other features:
LogInit:      CURL_VERSION_SSL
LogInit:      CURL_VERSION_LIBZ
LogInit:      CURL_VERSION_IPV6
LogInit:      CURL_VERSION_ASYNCHDNS
LogInit:      CURL_VERSION_LARGEFILE
LogInit:      CURL_VERSION_IDN
LogInit:  CurlRequestOptions (configurable via config and command line):
LogInit:  - bVerifyPeer = false  - Libcurl will NOT verify peer certificate
LogInit:  - bUseHttpProxy = false  - Libcurl will NOT use HTTP proxy
LogInit:  - bDontReuseConnections = false  - Libcurl will reuse connections
LogInit:  - CertBundlePath = nullptr  - Libcurl will use whatever was configured at build time.
LogInit:  - MaxHostConnections = 16  - Libcurl will limit the number of connections to a host
LogInit:  - LocalHostAddr = Default
LogInit: WinSock: version 1.1 (2.2), MaxSocks=32767, MaxUdp=65467
LogInit: WinSock: I am DESKTOP-UKLRMS9 (192.168.56.1:0)
LogInit: Build: ++UE4+Release-4.19-CL-4033788
LogInit: Engine Version: 4.19.2-4033788+++UE4+Release-4.19
LogInit: Compatible Engine Version: 4.19.0-3944462+++UE4+Release-4.19
LogInit: Net CL: 3944462
LogDevObjectVersion: Number of dev versions registered: 18
LogDevObjectVersion:   Dev-Blueprints (B0D832E4-1F89-4F0D-ACCF-7EB736FD4AA2): 10
LogDevObjectVersion:   Dev-Build (E1C64328-A22C-4D53-A36C-8E866417BD8C): 0
LogDevObjectVersion:   Dev-Core (375EC13C-06E4-48FB-B500-84F0262A717E): 2
LogDevObjectVersion:   Dev-Editor (E4B068ED-F494-42E9-A231-DA0B2E46BB41): 23
LogDevObjectVersion:   Dev-Framework (CFFC743F-43B0-4480-9391-14DF171D2073): 33
LogDevObjectVersion:   Dev-Mobile (B02B49B5-BB20-44E9-A304-32B752E40360): 2
LogDevObjectVersion:   Dev-Networking (A4E4105C-59A1-49B5-A7C5-40C4547EDFEE): 0
LogDevObjectVersion:   Dev-Online (39C831C9-5AE6-47DC-9A44-9C173E1C8E7C): 0
LogDevObjectVersion:   Dev-Physics (78F01B33-EBEA-4F98-B9B4-84EACCB95AA2): 0
LogDevObjectVersion:   Dev-Platform (6631380F-2D4D-43E0-8009-CF276956A95A): 0
LogDevObjectVersion:   Dev-Rendering (12F88B9F-8875-4AFC-A67C-D90C383ABD29): 25
LogDevObjectVersion:   Dev-Sequencer (7B5AE74C-D270-4C10-A958-57980B212A5A): 6
LogDevObjectVersion:   Dev-VR (D7296918-1DD6-4BDD-9DE2-64A83CC13884): 1
LogDevObjectVersion:   Dev-LoadTimes (C2A15278-BFE7-4AFE-6C17-90FF531DF755): 1
LogDevObjectVersion:   Private-Geometry (6EACA3D4-40EC-4CC1-B786-8BED09428FC5): 2
LogDevObjectVersion:   Dev-AnimPhys (29E575DD-E0A3-4627-9D10-D276232CDCEA): 16
LogDevObjectVersion:   Dev-ReflectionCapture (6B266CEC-1EC7-4B8F-A30B-E4D90942FC07): 1
LogDevObjectVersion:   Dev-Automation (0DF73D61-A23F-47EA-B727-89E90C41499A): 1
LogInit: Compiled (64-bit): Apr 27 2018 02:06:57
LogInit: Compiled with Visual C++: 19.00.24215.01
LogInit: Build Configuration: Development
LogInit: Branch Name: ++UE4+Release-4.19
LogInit: Command Line:  -skipcompile
LogInit: Base Directory: C:/Program Files/Epic Games/UE_4.19/Engine/Binaries/Win64/
LogInit: Installed Engine Build: 1
LogStreaming: Display: Took  0.007s to delete old logs.
LogInit: Presizing for max 8388607 objects, including 0 objects not considered by GC, pre-allocating 0 bytes for permanent pool.
LogInit: Object subsystem initialized
[2019.04.14-13.28.45:754][  0]LogInit: Selected Device Profile: [Windows]
[2019.04.14-13.28.45:754][  0]LogInit: Applying CVar settings loaded from the selected device profile: [Windows]
[2019.04.14-13.28.45:770][  0]LogInit: Computer: DESKTOP-UKLRMS9
[2019.04.14-13.28.45:770][  0]LogInit: User: Xiaojun
[2019.04.14-13.28.45:770][  0]LogInit: CPU Page size=4096, Cores=2
[2019.04.14-13.28.45:770][  0]LogInit: High frequency timer resolution =10.000000 MHz
[2019.04.14-13.28.45:771][  0]LogMemory: Memory total: Physical=7.9GB (8GB approx)
[2019.04.14-13.28.45:771][  0]LogMemory: Platform Memory Stats for Windows
[2019.04.14-13.28.45:771][  0]LogMemory: Process Physical Memory: 273.94 MB used, 273.94 MB peak
[2019.04.14-13.28.45:771][  0]LogMemory: Process Virtual Memory: 266.08 MB used, 266.08 MB peak
[2019.04.14-13.28.45:771][  0]LogMemory: Physical Memory: 5430.48 MB used,  2663.93 MB free, 8094.41 MB total
[2019.04.14-13.28.45:771][  0]LogMemory: Virtual Memory: 4780.67 MB used,  2663.93 MB free, 134217728.00 MB total
[2019.04.14-13.28.45:821][  0]LogInit: Using OS detected language (en-US).
[2019.04.14-13.28.45:821][  0]LogInit: Using OS detected locale (en-US).
[2019.04.14-13.28.45:826][  0]LogTextLocalizationManager: No specific localization for 'en-US' exists, so the 'en' localization will be used.
[2019.04.14-13.28.46:326][  0]LogStreaming: Display: Took  0.505s to EndInitTextLocalization.
[2019.04.14-13.28.46:326][  0]LogInit: Setting process to per monitor DPI aware
[2019.04.14-13.28.46:417][  0]LogSlate: New Slate User Created.  User Index 0, Is Virtual User: 0
[2019.04.14-13.28.46:417][  0]LogSlate: Slate User Registered.  User Index 0, Is Virtual User: 0
[2019.04.14-13.28.46:751][  0]LogD3D11RHI: D3D11 adapters:
[2019.04.14-13.28.46:771][  0]LogD3D11RHI:    0. 'Intel(R) Iris(TM) Graphics 6100' (Feature Level 11_0)
[2019.04.14-13.28.46:771][  0]LogD3D11RHI:       128/0/4047 MB DedicatedVideo/DedicatedSystem/SharedSystem, Outputs:1, VendorId:0x8086
[2019.04.14-13.28.46:778][  0]LogD3D11RHI:    1. 'Microsoft Basic Render Driver' (Feature Level 11_0)
[2019.04.14-13.28.46:778][  0]LogD3D11RHI:       0/0/4047 MB DedicatedVideo/DedicatedSystem/SharedSystem, Outputs:0, VendorId:0x1414
[2019.04.14-13.28.46:778][  0]LogD3D11RHI: Chosen D3D11 Adapter: 0
[2019.04.14-13.28.46:787][  0]LogD3D11RHI: Creating new Direct3DDevice
[2019.04.14-13.28.46:787][  0]LogD3D11RHI:     GPU DeviceId: 0x162b (for the marketing name, search the web for "GPU Device Id")
[2019.04.14-13.28.46:787][  0]LogWindows: EnumDisplayDevices:
[2019.04.14-13.28.46:787][  0]LogWindows:    0. 'Intel(R) Iris(TM) Graphics 6100' (P:1 D:1)
[2019.04.14-13.28.46:788][  0]LogWindows:    1. 'Intel(R) Iris(TM) Graphics 6100' (P:0 D:0)
[2019.04.14-13.28.46:789][  0]LogWindows:    2. 'Intel(R) Iris(TM) Graphics 6100' (P:0 D:0)
[2019.04.14-13.28.46:789][  0]LogWindows: DebugString: GetVideoDriverDetailsInvalid PrimaryIsNotTheChoosenAdapter GetVideoDriverDetailsInvalid PrimaryIsNotTheChoosenAdapter GetVideoDriverDetailsInvalid PrimaryIsNotTheChoosenAdapter FoundDriverCount:0 
[2019.04.14-13.28.46:789][  0]LogD3D11RHI:     Adapter Name: Intel(R) Iris(TM) Graphics 6100
[2019.04.14-13.28.46:789][  0]LogD3D11RHI:   Driver Version: Unknown (internal:Unknown, unified:Unknown)
[2019.04.14-13.28.46:789][  0]LogD3D11RHI:      Driver Date: Unknown
[2019.04.14-13.28.46:789][  0]LogRHI: Texture pool is 1506 MB (70% of 2151 MB)
[2019.04.14-13.28.46:800][  0]LogD3D11RHI: Async texture creation enabled
[2019.04.14-13.28.46:809][  0]LogD3D11RHI: GPU Timing Frequency: 12.500000 (Debug: 2 0)
[2019.04.14-13.28.46:810][  0]LogShaderCompilers: Guid format shader working directory is -17 characters bigger than the processId version (../../../../../../Users/Xiaojun/Documents/Unreal Projects/SlateUI/Intermediate/Shaders/WorkingDirectory/3272/).
[2019.04.14-13.28.46:811][  0]LogShaderCompilers: Cleaned the shader compiler working directory 'C:/Users/Xiaojun/AppData/Local/Temp/UnrealShaderWorkingDir/62A8C2D449A4DB5F89B6EF88DB55E63D/'.
[2019.04.14-13.28.47:153][  0]LogTemp: Display: Loaded TP AllDesktopTargetPlatform
[2019.04.14-13.28.47:173][  0]LogTemp: Display: Loaded TP MacClientTargetPlatform
[2019.04.14-13.28.47:193][  0]LogTemp: Display: Loaded TP MacNoEditorTargetPlatform
[2019.04.14-13.28.47:215][  0]LogTemp: Display: Loaded TP MacServerTargetPlatform
[2019.04.14-13.28.47:238][  0]LogTemp: Display: Loaded TP MacTargetPlatform
[2019.04.14-13.28.47:265][  0]LogTemp: Display: Loaded TP WindowsClientTargetPlatform
[2019.04.14-13.28.47:295][  0]LogTemp: Display: Loaded TP WindowsNoEditorTargetPlatform
[2019.04.14-13.28.47:318][  0]LogTemp: Display: Loaded TP WindowsServerTargetPlatform
[2019.04.14-13.28.47:332][  0]LogTemp: Display: Loaded TP WindowsTargetPlatform
[2019.04.14-13.28.47:353][  0]LogTemp: Display: Loaded TP Android_ASTCTargetPlatform
[2019.04.14-13.28.47:373][  0]LogTemp: Display: Loaded TP Android_ATCTargetPlatform
[2019.04.14-13.28.47:391][  0]LogTemp: Display: Loaded TP Android_DXTTargetPlatform
[2019.04.14-13.28.47:409][  0]LogTemp: Display: Loaded TP Android_ETC1aTargetPlatform
[2019.04.14-13.28.47:427][  0]LogTemp: Display: Loaded TP Android_ETC1TargetPlatform
[2019.04.14-13.28.47:446][  0]LogTemp: Display: Loaded TP Android_ETC2TargetPlatform
[2019.04.14-13.28.47:489][  0]LogTemp: Display: Loaded TP Android_MultiTargetPlatform
[2019.04.14-13.28.47:490][  0]LogTemp: Display: Loaded TP Android_PVRTCTargetPlatform
[2019.04.14-13.28.47:509][  0]LogTemp: Display: Loaded TP AndroidTargetPlatform
[2019.04.14-13.28.47:515][  0]LogTemp: Display: Loaded TP HTML5TargetPlatform
[2019.04.14-13.28.47:571][  0]LogTemp: Display: Loaded TP IOSTargetPlatform
[2019.04.14-13.28.47:589][  0]LogTemp: Display: Loaded TP TVOSTargetPlatform
[2019.04.14-13.28.47:608][  0]LogTemp: Display: Loaded TP LinuxClientTargetPlatform
[2019.04.14-13.28.47:626][  0]LogTemp: Display: Loaded TP LinuxNoEditorTargetPlatform
[2019.04.14-13.28.47:646][  0]LogTemp: Display: Loaded TP LinuxServerTargetPlatform
[2019.04.14-13.28.47:663][  0]LogTemp: Display: Loaded TP LinuxTargetPlatform
[2019.04.14-13.28.47:664][  0]LogTargetPlatformManager: Display: Building Assets For Windows
[2019.04.14-13.28.47:983][  0]LogXGEController: Cleaning working directory: C:/Users/Xiaojun/AppData/Local/Temp/UnrealXGEWorkingDir/
[2019.04.14-13.28.47:983][  0]LogXGEController: Cannot use XGE Controller as Incredibuild is not installed on this machine.
[2019.04.14-13.28.47:983][  0]LogShaderCompilers: Cannot use XGE Shader Compiler as Incredibuild is not installed on this machine.
[2019.04.14-13.28.47:983][  0]LogShaderCompilers: Display: Using Local Shader Compiler.
[2019.04.14-13.28.49:009][  0]LogDerivedDataCache: Display: Max Cache Size: 512 MB
[2019.04.14-13.28.49:111][  0]LogDerivedDataCache: Loaded boot cache 0.10s 74MB C:/Users/Xiaojun/AppData/Local/UnrealEngine/4.19/DerivedDataCache/Boot.ddc.
[2019.04.14-13.28.49:111][  0]LogDerivedDataCache: Display: Loaded Boot cache: C:/Users/Xiaojun/AppData/Local/UnrealEngine/4.19/DerivedDataCache/Boot.ddc
[2019.04.14-13.28.49:111][  0]LogDerivedDataCache: FDerivedDataBackendGraph:  Pak pak cache file ../../../../../../Users/Xiaojun/Documents/Unreal Projects/SlateUI/DerivedDataCache/DDC.ddp not found, will not use a pak cache.
[2019.04.14-13.28.49:111][  0]LogDerivedDataCache: Unable to find inner node Pak for hierarchical cache Hierarchy.
[2019.04.14-13.28.49:111][  0]LogDerivedDataCache: FDerivedDataBackendGraph:  CompressedPak pak cache file ../../../../../../Users/Xiaojun/Documents/Unreal Projects/SlateUI/DerivedDataCache/Compressed.ddp not found, will not use a pak cache.
[2019.04.14-13.28.49:112][  0]LogDerivedDataCache: Unable to find inner node CompressedPak for hierarchical cache Hierarchy.
[2019.04.14-13.28.49:134][  0]LogDerivedDataCache: Display: Pak cache opened for reading ../../../Engine/DerivedDataCache/Compressed.ddp.
[2019.04.14-13.28.49:149][  0]LogDerivedDataCache: Using Local data cache path C:/Users/Xiaojun/AppData/Local/UnrealEngine/Common/DerivedDataCache: Writable
[2019.04.14-13.28.49:149][  0]LogDerivedDataCache: Shared data cache path not found in *engine.ini, will not use an Shared cache.
[2019.04.14-13.28.49:149][  0]LogDerivedDataCache: Unable to find inner node Shared for hierarchical cache Hierarchy.
[2019.04.14-13.28.49:163][  0]LogMaterial: Verifying Global Shaders for PCD3D_SM5
[2019.04.14-13.28.49:164][  0]LogSlate: Using Freetype 2.6.0
[2019.04.14-13.28.49:165][  0]LogSlate: SlateFontCache - WITH_FREETYPE: 1, WITH_HARFBUZZ: 1
[2019.04.14-13.28.49:165][  0]LogSlate: SlateFontCache - WITH_FREETYPE: 1, WITH_HARFBUZZ: 1
[2019.04.14-13.28.49:341][  0]LogAssetRegistry: FAssetRegistry took 0.0323 seconds to start up
[2019.04.14-13.28.49:769][  0]LogInit: Selected Device Profile: [Windows]
[2019.04.14-13.28.49:996][  0]LogSimplygon: Simplygon DLL not present - disabling.
[2019.04.14-13.28.50:004][  0]LogMeshReduction: Using SimplygonSwarm for distributed automatic mesh merging
[2019.04.14-13.28.50:004][  0]LogMeshReduction: Using QuadricMeshReduction for automatic static mesh reduction
[2019.04.14-13.28.50:004][  0]LogMeshReduction: No automatic skeletal mesh reduction module available
[2019.04.14-13.28.50:004][  0]LogMeshReduction: No automatic mesh merging module available
[2019.04.14-13.28.50:004][  0]LogMeshMerging: No automatic mesh merging module available
[2019.04.14-13.28.50:062][  0]LogNetVersion: SlateUI , NetCL: 3944462, EngineNetVer: 2, GameNetVer: 0 (Checksum: 2961600931)
[2019.04.14-13.28.50:669][  0]LogPackageLocalizationCache: Processed 9 localized package path(s) for 2 prioritized culture(s) in 0.126514 seconds
[2019.04.14-13.28.50:676][  0]LogUObjectArray: 36728 objects as part of root set at end of initial load.
[2019.04.14-13.28.50:676][  0]LogUObjectAllocator: 7314312 out of 0 bytes used by permanent object pool.
[2019.04.14-13.28.50:676][  0]LogUObjectArray: CloseDisregardForGC: 0/0 objects in disregard for GC pool
[2019.04.14-13.28.53:046][  0]LogTcpMessaging: Initializing TcpMessaging bridge
[2019.04.14-13.28.53:099][  0]LogUdpMessaging: Initializing bridge on interface 0.0.0.0:0 to multicast group 230.0.0.1:6666.
[2019.04.14-13.28.53:774][  0]SourceControl: Source control is disabled
[2019.04.14-13.28.53:774][  0]SourceControl: Source control is disabled
[2019.04.14-13.28.53:806][  0]SourceControl: Source control is disabled
[2019.04.14-13.28.53:848][  0]SourceControl: Source control is disabled
[2019.04.14-13.28.54:675][  0]LogAndroidPermission: UAndroidPermissionCallbackProxy::GetInstance
[2019.04.14-13.28.54:986][  0]LogOcInput: OculusInput pre-init called
[2019.04.14-13.28.55:152][  0]LogEngine: Initializing Engine...
[2019.04.14-13.28.55:154][  0]LogHMD: Failed to initialize OpenVR with code 110
[2019.04.14-13.28.55:155][  0]LogStats: UGameplayTagsManager::ConstructGameplayTagTree: Construct from data asset -  0.000 s
[2019.04.14-13.28.55:156][  0]LogStats: UGameplayTagsManager::ConstructGameplayTagTree: GameplayTagTreeChangedEvent.Broadcast -  0.000 s
[2019.04.14-13.28.55:442][  0]LogAIModule: Creating AISystem for world Untitled
[2019.04.14-13.28.55:469][  0]LogInit: XAudio2 using 'Speakers (Cirrus Logic CS4208 (AB 123))' : 2 channels at 44.1 kHz using 32 bits per sample (channel mask 0x3)
[2019.04.14-13.28.55:546][  0]LogInit: FAudioDevice initialized.
[2019.04.14-13.28.55:613][  0]LogDerivedDataCache: Saved boot cache 0.07s 74MB C:/Users/Xiaojun/AppData/Local/UnrealEngine/4.19/DerivedDataCache/Boot.ddc.
[2019.04.14-13.28.55:631][  0]LogInit: Texture streaming: Enabled
[2019.04.14-13.28.55:670][  0]LogEngineSessionManager: EngineSessionManager initialized
[2019.04.14-13.28.55:671][  0]LogEngineSessionManager: EngineSessionManager sent abnormal shutdown report. Type=Debugger, SessionId={C3746B3F-42C0-9F88-1D40-3088FDFC2C5B}
[2019.04.14-13.28.55:671][  0]LogEngineSessionManager: EngineSessionManager sent abnormal shutdown report. Type=Debugger, SessionId={3AACF1AB-47FB-8EE3-2B62-44BB78DF1528}
[2019.04.14-13.28.55:690][  0]LogInit: Transaction tracking system initialized
[2019.04.14-13.28.55:743][  0]BlueprintLog: New page: Editor Load
[2019.04.14-13.28.55:905][  0]LocalizationService: Localization service is disabled
[2019.04.14-13.28.56:076][  0]LogConsoleResponse: Display: 
[2019.04.14-13.28.56:326][  0]LogCook: Display: Max memory allowance for cook 16384mb min free memory 0mb
[2019.04.14-13.28.56:326][  0]LogCook: Display: Mobile HDR setting 1
[2019.04.14-13.28.56:326][  0]LogFileCache: Scanning file cache for directory 'C:/Users/Xiaojun/Documents/Unreal Projects/SlateUI/Content/' took 0.01s
[2019.04.14-13.28.56:326][  0]LogGameplayTags: Display: UGameplayTagsManager::DoneAddingNativeTags. DelegateIsBound: 0
[2019.04.14-13.28.56:326][  0]LogStats: UGameplayTagsManager::ConstructGameplayTagTree: Construct from data asset -  0.000 s
[2019.04.14-13.28.56:326][  0]LogStats: UGameplayTagsManager::ConstructGameplayTagTree: GameplayTagTreeChangedEvent.Broadcast -  0.000 s
[2019.04.14-13.28.57:032][  0]SourceControl: Source control is disabled
[2019.04.14-13.28.57:033][  0]Cmd: MAP LOAD FILE="../../../Engine/Content/Maps/Templates/Template_Default.umap" TEMPLATE=1 SHOWPROGRESS=1 FEATURELEVEL=3
[2019.04.14-13.28.57:033][  0]LightingResults: New page: Lighting Build
[2019.04.14-13.28.57:038][  0]MapCheck: New page: Map Check
[2019.04.14-13.28.57:038][  0]LightingResults: New page: Lighting Build
[2019.04.14-13.28.57:281][  0]LogAIModule: Creating AISystem for world Untitled_1
[2019.04.14-13.28.57:291][  0]LogEditorServer: Finished looking for orphan Actors (0.000 secs)
[2019.04.14-13.28.57:329][  0]Cmd: MAP CHECKDEP NOCLEARLOG
[2019.04.14-13.28.57:413][  0]MapCheck: Map check complete: 0 Error(s), 0 Warning(s), took 83.042ms to complete.
[2019.04.14-13.28.57:413][  0]LogFileHelpers: Loading map 'Template_Default' took 0.380
[2019.04.14-13.28.57:669][  0]LogCollectionManager: Loaded 0 collections in 0.003440 seconds
[2019.04.14-13.28.57:730][  0]LogFileCache: Scanning file cache for directory 'C:/Users/Xiaojun/Documents/Unreal Projects/SlateUI/Saved/Collections/' took 0.01s
[2019.04.14-13.28.57:730][  0]LogFileCache: Scanning file cache for directory 'C:/Users/Xiaojun/Documents/Unreal Projects/SlateUI/Content/Developers/Xiaojun/Collections/' took 0.01s
[2019.04.14-13.28.57:731][  0]LogFileCache: Scanning file cache for directory 'C:/Users/Xiaojun/Documents/Unreal Projects/SlateUI/Content/Collections/' took 0.02s
[2019.04.14-13.28.57:731][  0]LogCollectionManager: Rebuilt the GUID cache for 0 collections in 0.000001 seconds
[2019.04.14-13.28.57:743][  0]LogContentBrowser: Native class hierarchy populated in 0.0116 seconds. Added 2455 classes and 560 folders.
[2019.04.14-13.28.57:756][  0]LogContentBrowser: Native class hierarchy updated for 'WidgetCarousel' in 0.0009 seconds. Added 0 classes and 0 folders.
[2019.04.14-13.28.57:828][  0]LogContentBrowser: Native class hierarchy updated for 'AddContentDialog' in 0.0009 seconds. Added 0 classes and 0 folders.
[2019.04.14-13.28.57:841][  0]LogContentBrowser: Native class hierarchy updated for 'SceneOutliner' in 0.0011 seconds. Added 1 classes and 2 folders.
[2019.04.14-13.28.58:001][  0]LogContentBrowser: Native class hierarchy updated for 'HierarchicalLODOutliner' in 0.0028 seconds. Added 0 classes and 0 folders.
[2019.04.14-13.28.58:001][  0]LogLoad: (Engine Initialization) Total time: 17.62 seconds
[2019.04.14-13.28.58:001][  0]LogLoad: (Engine Initialization) Total Blueprint compile time: 0.00 seconds
[2019.04.14-13.28.58:041][  0]LogContentStreaming: Texture pool size now 1000 MB
[2019.04.14-13.28.58:043][  0]LogSlate: Took 0.000368 seconds to synchronously load lazily loaded font '../../../Engine/Content/Slate/Fonts/Roboto-Regular.ttf' (155K)
[2019.04.14-13.28.58:045][  0]LogSlate: Took 0.000296 seconds to synchronously load lazily loaded font '../../../Engine/Content/Slate/Fonts/Roboto-Bold.ttf' (160K)
[2019.04.14-13.28.58:055][  0]LogSlate: Took 0.000271 seconds to synchronously load lazily loaded font '../../../Engine/Content/Editor/Slate/Fonts/FontAwesome.ttf' (139K)
[2019.04.14-13.28.58:236][  0]LogRenderer: Reallocating scene render targets to support 864x392 Format 10 NumSamples 1 (Frame:1).
[2019.04.14-13.28.59:226][  2]LogAssetRegistry: Asset discovery search completed in 9.9093 seconds
[2019.04.14-13.28.59:231][  2]LogCollectionManager: Rebuilt the object cache for 0 collections in 0.000001 seconds (found 0 objects)
[2019.04.14-13.28.59:231][  2]LogCollectionManager: Fixed up redirectors for 0 collections in 0.000269 seconds (updated 0 objects)
[2019.04.14-13.29.07:079][461]LogSlate: FSceneViewport::OnFocusLost() reason 0
[2019.04.14-13.29.07:997][510]LogSlate: Took 0.000324 seconds to synchronously load lazily loaded font '../../../Engine/Content/Slate/Fonts/Roboto-Light.ttf' (167K)
[2019.04.14-13.29.10:850][659]LogTemp: Repeating last play command: Selected Viewport
[2019.04.14-13.29.10:877][659]LogPlayLevel: PlayLevel: No blueprints needed recompiling
[2019.04.14-13.29.10:877][659]PIE: New page: PIE session: Untitled_1 (Apr 14, 2019, 5:29:10 PM)
[2019.04.14-13.29.10:878][659]LogPlayLevel: Creating play world package: /Temp/UEDPIE_0_Untitled_1
[2019.04.14-13.29.10:882][659]LogPlayLevel: PIE: StaticDuplicateObject took: (0.004218s)
[2019.04.14-13.29.10:883][659]LogAIModule: Creating AISystem for world Untitled_1
[2019.04.14-13.29.10:884][659]LogPlayLevel: PIE: World Init took: (0.001368s)
[2019.04.14-13.29.10:884][659]LogPlayLevel: PIE: Created PIE world by copying editor world from /Temp/Untitled_1.Untitled_1 to /Temp/UEDPIE_0_Untitled_1.Untitled_1 (0.006419s)
[2019.04.14-13.29.10:907][659]LogInit: XAudio2 using 'Speakers (Cirrus Logic CS4208 (AB 123))' : 2 channels at 44.1 kHz using 32 bits per sample (channel mask 0x3)
[2019.04.14-13.29.10:921][659]LogInit: FAudioDevice initialized.
[2019.04.14-13.29.10:972][659]LogLoad: Game class is 'SlateGameMode'
[2019.04.14-13.29.10:974][659]LogWorld: Bringing World /Temp/UEDPIE_0_Untitled_1.Untitled_1 up for play (max tick rate 60) at 2019.04.14-15.29.10
[2019.04.14-13.29.10:975][659]LogWorld: Bringing up level for play took: 0.001051
[2019.04.14-13.29.10:982][659]LogContentBrowser: Native class hierarchy updated for 'MovieSceneCapture' in 0.0010 seconds. Added 11 classes and 0 folders.
[2019.04.14-13.29.10:982][659]LogGameMode: Display: Match State Changed from EnteringMap to WaitingToStart
[2019.04.14-13.29.10:982][659]LogGameState: Match State Changed from EnteringMap to WaitingToStart
[2019.04.14-13.29.10:982][659]LogGameMode: Display: Match State Changed from WaitingToStart to InProgress
[2019.04.14-13.29.10:984][659]LogGameState: Match State Changed from WaitingToStart to InProgress
[2019.04.14-13.29.10:984][659]PIE: Play in editor start time for /Temp/UEDPIE_0_Untitled_1 0.463
[2019.04.14-13.29.16:972][854]LogSlate: FSceneViewport::OnFocusLost() reason 0
[2019.04.14-13.29.16:983][854]LogSlate: Took 0.000707 seconds to synchronously load lazily loaded font '../../../Engine/Content/Slate/Fonts/DroidSansMono.ttf' (77K)
[2019.04.14-13.29.40:223][619]LogSlate: FSceneViewport::OnFocusLost() reason 0
[2019.04.14-13.30.42:335][826]LogStreaming: Warning: Took 142.08ms to ProcessLoadedPackages
